{"/Users/michaelwood/Repos/xpass/src/contract/index.js": {"path":"/Users/michaelwood/Repos/xpass/src/contract/index.js","all":false,"statementMap":{"0":{"start":{"line":1,"column":0},"end":{"line":1,"column":31}},"1":{"start":{"line":2,"column":0},"end":{"line":2,"column":33}},"2":{"start":{"line":3,"column":0},"end":{"line":3,"column":40}},"3":{"start":{"line":4,"column":0},"end":{"line":4,"column":65}},"4":{"start":{"line":5,"column":0},"end":{"line":5,"column":69}},"5":{"start":{"line":6,"column":0},"end":{"line":6,"column":94}},"6":{"start":{"line":7,"column":0},"end":{"line":7,"column":67}},"7":{"start":{"line":8,"column":0},"end":{"line":8,"column":8}},"8":{"start":{"line":9,"column":0},"end":{"line":9,"column":21}},"9":{"start":{"line":10,"column":0},"end":{"line":10,"column":15}},"10":{"start":{"line":11,"column":0},"end":{"line":11,"column":15}},"11":{"start":{"line":12,"column":0},"end":{"line":12,"column":22}},"12":{"start":{"line":13,"column":0},"end":{"line":13,"column":15}},"13":{"start":{"line":14,"column":0},"end":{"line":14,"column":25}},"14":{"start":{"line":15,"column":0},"end":{"line":15,"column":18}},"15":{"start":{"line":16,"column":0},"end":{"line":16,"column":21}},"16":{"start":{"line":17,"column":0},"end":{"line":17,"column":24}},"17":{"start":{"line":18,"column":0},"end":{"line":18,"column":0}},"18":{"start":{"line":19,"column":0},"end":{"line":19,"column":30}},"19":{"start":{"line":20,"column":0},"end":{"line":20,"column":88}},"20":{"start":{"line":21,"column":0},"end":{"line":21,"column":46}},"21":{"start":{"line":22,"column":0},"end":{"line":22,"column":82}},"22":{"start":{"line":23,"column":0},"end":{"line":23,"column":45}},"23":{"start":{"line":24,"column":0},"end":{"line":24,"column":61}},"24":{"start":{"line":25,"column":0},"end":{"line":25,"column":0}},"25":{"start":{"line":26,"column":0},"end":{"line":26,"column":66}},"26":{"start":{"line":27,"column":0},"end":{"line":27,"column":56}},"27":{"start":{"line":28,"column":0},"end":{"line":28,"column":0}},"28":{"start":{"line":29,"column":0},"end":{"line":29,"column":75}},"29":{"start":{"line":30,"column":0},"end":{"line":30,"column":93}},"30":{"start":{"line":31,"column":0},"end":{"line":31,"column":23}},"31":{"start":{"line":32,"column":0},"end":{"line":32,"column":35}},"32":{"start":{"line":33,"column":0},"end":{"line":33,"column":55}},"33":{"start":{"line":34,"column":0},"end":{"line":34,"column":0}},"34":{"start":{"line":35,"column":0},"end":{"line":35,"column":17}},"35":{"start":{"line":36,"column":0},"end":{"line":36,"column":23}},"36":{"start":{"line":37,"column":0},"end":{"line":37,"column":78}},"37":{"start":{"line":38,"column":0},"end":{"line":38,"column":27}},"38":{"start":{"line":39,"column":0},"end":{"line":39,"column":82}},"39":{"start":{"line":40,"column":0},"end":{"line":40,"column":25}},"40":{"start":{"line":41,"column":0},"end":{"line":41,"column":74}},"41":{"start":{"line":42,"column":0},"end":{"line":42,"column":24}},"42":{"start":{"line":43,"column":0},"end":{"line":43,"column":73}},"43":{"start":{"line":44,"column":0},"end":{"line":44,"column":24}},"44":{"start":{"line":45,"column":0},"end":{"line":45,"column":73}},"45":{"start":{"line":46,"column":0},"end":{"line":46,"column":24}},"46":{"start":{"line":47,"column":0},"end":{"line":47,"column":73}},"47":{"start":{"line":48,"column":0},"end":{"line":48,"column":31}},"48":{"start":{"line":49,"column":0},"end":{"line":49,"column":86}},"49":{"start":{"line":50,"column":0},"end":{"line":50,"column":30}},"50":{"start":{"line":51,"column":0},"end":{"line":51,"column":69}},"51":{"start":{"line":52,"column":0},"end":{"line":52,"column":23}},"52":{"start":{"line":53,"column":0},"end":{"line":53,"column":78}},"53":{"start":{"line":54,"column":0},"end":{"line":54,"column":29}},"54":{"start":{"line":55,"column":0},"end":{"line":55,"column":68}},"55":{"start":{"line":56,"column":0},"end":{"line":56,"column":20}},"56":{"start":{"line":57,"column":0},"end":{"line":57,"column":75}},"57":{"start":{"line":58,"column":0},"end":{"line":58,"column":23}},"58":{"start":{"line":59,"column":0},"end":{"line":59,"column":56}},"59":{"start":{"line":60,"column":0},"end":{"line":60,"column":20}},"60":{"start":{"line":61,"column":0},"end":{"line":61,"column":53}},"61":{"start":{"line":62,"column":0},"end":{"line":62,"column":23}},"62":{"start":{"line":63,"column":0},"end":{"line":63,"column":55}},"63":{"start":{"line":64,"column":0},"end":{"line":64,"column":12}},"64":{"start":{"line":65,"column":0},"end":{"line":65,"column":67}},"65":{"start":{"line":66,"column":0},"end":{"line":66,"column":3}},"66":{"start":{"line":67,"column":0},"end":{"line":67,"column":1}},"67":{"start":{"line":68,"column":0},"end":{"line":68,"column":0}},"68":{"start":{"line":69,"column":0},"end":{"line":69,"column":60}},"69":{"start":{"line":70,"column":0},"end":{"line":70,"column":49}},"70":{"start":{"line":71,"column":0},"end":{"line":71,"column":29}},"71":{"start":{"line":72,"column":0},"end":{"line":72,"column":59}},"72":{"start":{"line":73,"column":0},"end":{"line":73,"column":3}},"73":{"start":{"line":74,"column":0},"end":{"line":74,"column":35}},"74":{"start":{"line":75,"column":0},"end":{"line":75,"column":62}},"75":{"start":{"line":76,"column":0},"end":{"line":76,"column":3}},"76":{"start":{"line":77,"column":0},"end":{"line":77,"column":51}},"77":{"start":{"line":78,"column":0},"end":{"line":78,"column":40}},"78":{"start":{"line":79,"column":0},"end":{"line":79,"column":32}},"79":{"start":{"line":80,"column":0},"end":{"line":80,"column":23}},"80":{"start":{"line":81,"column":0},"end":{"line":81,"column":14}},"81":{"start":{"line":82,"column":0},"end":{"line":82,"column":22}},"82":{"start":{"line":83,"column":0},"end":{"line":83,"column":27}},"83":{"start":{"line":84,"column":0},"end":{"line":84,"column":25}},"84":{"start":{"line":85,"column":0},"end":{"line":85,"column":38}},"85":{"start":{"line":86,"column":0},"end":{"line":86,"column":6}},"86":{"start":{"line":87,"column":0},"end":{"line":87,"column":33}},"87":{"start":{"line":88,"column":0},"end":{"line":88,"column":45}},"88":{"start":{"line":89,"column":0},"end":{"line":89,"column":34}},"89":{"start":{"line":90,"column":0},"end":{"line":90,"column":5}},"90":{"start":{"line":91,"column":0},"end":{"line":91,"column":44}},"91":{"start":{"line":92,"column":0},"end":{"line":92,"column":0}},"92":{"start":{"line":93,"column":0},"end":{"line":93,"column":43}},"93":{"start":{"line":94,"column":0},"end":{"line":94,"column":32}},"94":{"start":{"line":95,"column":0},"end":{"line":95,"column":48}},"95":{"start":{"line":96,"column":0},"end":{"line":96,"column":49}},"96":{"start":{"line":97,"column":0},"end":{"line":97,"column":38}},"97":{"start":{"line":98,"column":0},"end":{"line":98,"column":37}},"98":{"start":{"line":99,"column":0},"end":{"line":99,"column":5}},"99":{"start":{"line":100,"column":0},"end":{"line":100,"column":73}},"100":{"start":{"line":101,"column":0},"end":{"line":101,"column":55}},"101":{"start":{"line":102,"column":0},"end":{"line":102,"column":0}},"102":{"start":{"line":103,"column":0},"end":{"line":103,"column":35}},"103":{"start":{"line":104,"column":0},"end":{"line":104,"column":25}},"104":{"start":{"line":105,"column":0},"end":{"line":105,"column":23}},"105":{"start":{"line":106,"column":0},"end":{"line":106,"column":37}},"106":{"start":{"line":107,"column":0},"end":{"line":107,"column":24}},"107":{"start":{"line":108,"column":0},"end":{"line":108,"column":41}},"108":{"start":{"line":109,"column":0},"end":{"line":109,"column":5}},"109":{"start":{"line":110,"column":0},"end":{"line":110,"column":17}},"110":{"start":{"line":111,"column":0},"end":{"line":111,"column":86}},"111":{"start":{"line":112,"column":0},"end":{"line":112,"column":0}},"112":{"start":{"line":113,"column":0},"end":{"line":113,"column":10}},"113":{"start":{"line":114,"column":0},"end":{"line":114,"column":22}},"114":{"start":{"line":115,"column":0},"end":{"line":115,"column":23}},"115":{"start":{"line":116,"column":0},"end":{"line":116,"column":31}},"116":{"start":{"line":117,"column":0},"end":{"line":117,"column":43}},"117":{"start":{"line":118,"column":0},"end":{"line":118,"column":31}},"118":{"start":{"line":119,"column":0},"end":{"line":119,"column":4}},"119":{"start":{"line":120,"column":0},"end":{"line":120,"column":1}},"120":{"start":{"line":121,"column":0},"end":{"line":121,"column":0}},"121":{"start":{"line":122,"column":0},"end":{"line":122,"column":64}},"122":{"start":{"line":123,"column":0},"end":{"line":123,"column":26}},"123":{"start":{"line":124,"column":0},"end":{"line":124,"column":51}},"124":{"start":{"line":125,"column":0},"end":{"line":125,"column":40}},"125":{"start":{"line":126,"column":0},"end":{"line":126,"column":32}},"126":{"start":{"line":127,"column":0},"end":{"line":127,"column":77}},"127":{"start":{"line":128,"column":0},"end":{"line":128,"column":23}},"128":{"start":{"line":129,"column":0},"end":{"line":129,"column":14}},"129":{"start":{"line":130,"column":0},"end":{"line":130,"column":19}},"130":{"start":{"line":131,"column":0},"end":{"line":131,"column":27}},"131":{"start":{"line":132,"column":0},"end":{"line":132,"column":25}},"132":{"start":{"line":133,"column":0},"end":{"line":133,"column":39}},"133":{"start":{"line":134,"column":0},"end":{"line":134,"column":56}},"134":{"start":{"line":135,"column":0},"end":{"line":135,"column":6}},"135":{"start":{"line":136,"column":0},"end":{"line":136,"column":33}},"136":{"start":{"line":137,"column":0},"end":{"line":137,"column":45}},"137":{"start":{"line":138,"column":0},"end":{"line":138,"column":34}},"138":{"start":{"line":139,"column":0},"end":{"line":139,"column":5}},"139":{"start":{"line":140,"column":0},"end":{"line":140,"column":44}},"140":{"start":{"line":141,"column":0},"end":{"line":141,"column":0}},"141":{"start":{"line":142,"column":0},"end":{"line":142,"column":43}},"142":{"start":{"line":143,"column":0},"end":{"line":143,"column":32}},"143":{"start":{"line":144,"column":0},"end":{"line":144,"column":48}},"144":{"start":{"line":145,"column":0},"end":{"line":145,"column":49}},"145":{"start":{"line":146,"column":0},"end":{"line":146,"column":38}},"146":{"start":{"line":147,"column":0},"end":{"line":147,"column":37}},"147":{"start":{"line":148,"column":0},"end":{"line":148,"column":5}},"148":{"start":{"line":149,"column":0},"end":{"line":149,"column":73}},"149":{"start":{"line":150,"column":0},"end":{"line":150,"column":76}},"150":{"start":{"line":151,"column":0},"end":{"line":151,"column":61}},"151":{"start":{"line":152,"column":0},"end":{"line":152,"column":0}},"152":{"start":{"line":153,"column":0},"end":{"line":153,"column":35}},"153":{"start":{"line":154,"column":0},"end":{"line":154,"column":25}},"154":{"start":{"line":155,"column":0},"end":{"line":155,"column":23}},"155":{"start":{"line":156,"column":0},"end":{"line":156,"column":37}},"156":{"start":{"line":157,"column":0},"end":{"line":157,"column":24}},"157":{"start":{"line":158,"column":0},"end":{"line":158,"column":42}},"158":{"start":{"line":159,"column":0},"end":{"line":159,"column":17}},"159":{"start":{"line":160,"column":0},"end":{"line":160,"column":48}},"160":{"start":{"line":161,"column":0},"end":{"line":161,"column":22}},"161":{"start":{"line":162,"column":0},"end":{"line":162,"column":5}},"162":{"start":{"line":163,"column":0},"end":{"line":163,"column":17}},"163":{"start":{"line":164,"column":0},"end":{"line":164,"column":90}},"164":{"start":{"line":165,"column":0},"end":{"line":165,"column":0}},"165":{"start":{"line":166,"column":0},"end":{"line":166,"column":10}},"166":{"start":{"line":167,"column":0},"end":{"line":167,"column":22}},"167":{"start":{"line":168,"column":0},"end":{"line":168,"column":23}},"168":{"start":{"line":169,"column":0},"end":{"line":169,"column":21}},"169":{"start":{"line":170,"column":0},"end":{"line":170,"column":31}},"170":{"start":{"line":171,"column":0},"end":{"line":171,"column":43}},"171":{"start":{"line":172,"column":0},"end":{"line":172,"column":45}},"172":{"start":{"line":173,"column":0},"end":{"line":173,"column":31}},"173":{"start":{"line":174,"column":0},"end":{"line":174,"column":4}},"174":{"start":{"line":175,"column":0},"end":{"line":175,"column":1}},"175":{"start":{"line":176,"column":0},"end":{"line":176,"column":0}},"176":{"start":{"line":177,"column":0},"end":{"line":177,"column":56}},"177":{"start":{"line":178,"column":0},"end":{"line":178,"column":26}},"178":{"start":{"line":179,"column":0},"end":{"line":179,"column":51}},"179":{"start":{"line":180,"column":0},"end":{"line":180,"column":51}},"180":{"start":{"line":181,"column":0},"end":{"line":181,"column":42}},"181":{"start":{"line":182,"column":0},"end":{"line":182,"column":0}},"182":{"start":{"line":183,"column":0},"end":{"line":183,"column":52}},"183":{"start":{"line":184,"column":0},"end":{"line":184,"column":103}},"184":{"start":{"line":185,"column":0},"end":{"line":185,"column":30}},"185":{"start":{"line":186,"column":0},"end":{"line":186,"column":0}},"186":{"start":{"line":187,"column":0},"end":{"line":187,"column":23}},"187":{"start":{"line":188,"column":0},"end":{"line":188,"column":14}},"188":{"start":{"line":189,"column":0},"end":{"line":189,"column":31}},"189":{"start":{"line":190,"column":0},"end":{"line":190,"column":31}},"190":{"start":{"line":191,"column":0},"end":{"line":191,"column":29}},"191":{"start":{"line":192,"column":0},"end":{"line":192,"column":6}},"192":{"start":{"line":193,"column":0},"end":{"line":193,"column":33}},"193":{"start":{"line":194,"column":0},"end":{"line":194,"column":45}},"194":{"start":{"line":195,"column":0},"end":{"line":195,"column":28}},"195":{"start":{"line":196,"column":0},"end":{"line":196,"column":5}},"196":{"start":{"line":197,"column":0},"end":{"line":197,"column":38}},"197":{"start":{"line":198,"column":0},"end":{"line":198,"column":0}},"198":{"start":{"line":199,"column":0},"end":{"line":199,"column":41}},"199":{"start":{"line":200,"column":0},"end":{"line":200,"column":29}},"200":{"start":{"line":201,"column":0},"end":{"line":201,"column":23}},"201":{"start":{"line":202,"column":0},"end":{"line":202,"column":29}},"202":{"start":{"line":203,"column":0},"end":{"line":203,"column":23}},"203":{"start":{"line":204,"column":0},"end":{"line":204,"column":5}},"204":{"start":{"line":205,"column":0},"end":{"line":205,"column":17}},"205":{"start":{"line":206,"column":0},"end":{"line":206,"column":117}},"206":{"start":{"line":207,"column":0},"end":{"line":207,"column":0}},"207":{"start":{"line":208,"column":0},"end":{"line":208,"column":10}},"208":{"start":{"line":209,"column":0},"end":{"line":209,"column":18}},"209":{"start":{"line":210,"column":0},"end":{"line":210,"column":52}},"210":{"start":{"line":211,"column":0},"end":{"line":211,"column":27}},"211":{"start":{"line":212,"column":0},"end":{"line":212,"column":4}},"212":{"start":{"line":213,"column":0},"end":{"line":213,"column":1}},"213":{"start":{"line":214,"column":0},"end":{"line":214,"column":0}},"214":{"start":{"line":215,"column":0},"end":{"line":215,"column":55}},"215":{"start":{"line":216,"column":0},"end":{"line":216,"column":26}},"216":{"start":{"line":217,"column":0},"end":{"line":217,"column":51}},"217":{"start":{"line":218,"column":0},"end":{"line":218,"column":69}},"218":{"start":{"line":219,"column":0},"end":{"line":219,"column":40}},"219":{"start":{"line":220,"column":0},"end":{"line":220,"column":0}},"220":{"start":{"line":221,"column":0},"end":{"line":221,"column":23}},"221":{"start":{"line":222,"column":0},"end":{"line":222,"column":14}},"222":{"start":{"line":223,"column":0},"end":{"line":223,"column":31}},"223":{"start":{"line":224,"column":0},"end":{"line":224,"column":28}},"224":{"start":{"line":225,"column":0},"end":{"line":225,"column":6}},"225":{"start":{"line":226,"column":0},"end":{"line":226,"column":33}},"226":{"start":{"line":227,"column":0},"end":{"line":227,"column":45}},"227":{"start":{"line":228,"column":0},"end":{"line":228,"column":34}},"228":{"start":{"line":229,"column":0},"end":{"line":229,"column":5}},"229":{"start":{"line":230,"column":0},"end":{"line":230,"column":44}},"230":{"start":{"line":231,"column":0},"end":{"line":231,"column":0}},"231":{"start":{"line":232,"column":0},"end":{"line":232,"column":52}},"232":{"start":{"line":233,"column":0},"end":{"line":233,"column":103}},"233":{"start":{"line":234,"column":0},"end":{"line":234,"column":0}},"234":{"start":{"line":235,"column":0},"end":{"line":235,"column":44}},"235":{"start":{"line":236,"column":0},"end":{"line":236,"column":29}},"236":{"start":{"line":237,"column":0},"end":{"line":237,"column":26}},"237":{"start":{"line":238,"column":0},"end":{"line":238,"column":5}},"238":{"start":{"line":239,"column":0},"end":{"line":239,"column":17}},"239":{"start":{"line":240,"column":0},"end":{"line":240,"column":121}},"240":{"start":{"line":241,"column":0},"end":{"line":241,"column":0}},"241":{"start":{"line":242,"column":0},"end":{"line":242,"column":10}},"242":{"start":{"line":243,"column":0},"end":{"line":243,"column":18}},"243":{"start":{"line":244,"column":0},"end":{"line":244,"column":45}},"244":{"start":{"line":245,"column":0},"end":{"line":245,"column":31}},"245":{"start":{"line":246,"column":0},"end":{"line":246,"column":4}},"246":{"start":{"line":247,"column":0},"end":{"line":247,"column":1}},"247":{"start":{"line":248,"column":0},"end":{"line":248,"column":0}},"248":{"start":{"line":249,"column":0},"end":{"line":249,"column":50}},"249":{"start":{"line":250,"column":0},"end":{"line":250,"column":26}},"250":{"start":{"line":251,"column":0},"end":{"line":251,"column":51}},"251":{"start":{"line":252,"column":0},"end":{"line":252,"column":52}},"252":{"start":{"line":253,"column":0},"end":{"line":253,"column":111}},"253":{"start":{"line":254,"column":0},"end":{"line":254,"column":0}},"254":{"start":{"line":255,"column":0},"end":{"line":255,"column":23}},"255":{"start":{"line":256,"column":0},"end":{"line":256,"column":14}},"256":{"start":{"line":257,"column":0},"end":{"line":257,"column":31}},"257":{"start":{"line":258,"column":0},"end":{"line":258,"column":33}},"258":{"start":{"line":259,"column":0},"end":{"line":259,"column":6}},"259":{"start":{"line":260,"column":0},"end":{"line":260,"column":33}},"260":{"start":{"line":261,"column":0},"end":{"line":261,"column":45}},"261":{"start":{"line":262,"column":0},"end":{"line":262,"column":32}},"262":{"start":{"line":263,"column":0},"end":{"line":263,"column":5}},"263":{"start":{"line":264,"column":0},"end":{"line":264,"column":0}},"264":{"start":{"line":265,"column":0},"end":{"line":265,"column":10}},"265":{"start":{"line":266,"column":0},"end":{"line":266,"column":29}},"266":{"start":{"line":267,"column":0},"end":{"line":267,"column":59}},"267":{"start":{"line":268,"column":0},"end":{"line":268,"column":30}},"268":{"start":{"line":269,"column":0},"end":{"line":269,"column":34}},"269":{"start":{"line":270,"column":0},"end":{"line":270,"column":33}},"270":{"start":{"line":271,"column":0},"end":{"line":271,"column":7}},"271":{"start":{"line":272,"column":0},"end":{"line":272,"column":4}},"272":{"start":{"line":273,"column":0},"end":{"line":273,"column":1}},"273":{"start":{"line":274,"column":0},"end":{"line":274,"column":0}},"274":{"start":{"line":275,"column":0},"end":{"line":275,"column":55}},"275":{"start":{"line":276,"column":0},"end":{"line":276,"column":26}},"276":{"start":{"line":277,"column":0},"end":{"line":277,"column":51}},"277":{"start":{"line":278,"column":0},"end":{"line":278,"column":65}},"278":{"start":{"line":279,"column":0},"end":{"line":279,"column":49}},"279":{"start":{"line":280,"column":0},"end":{"line":280,"column":0}},"280":{"start":{"line":281,"column":0},"end":{"line":281,"column":52}},"281":{"start":{"line":282,"column":0},"end":{"line":282,"column":109}},"282":{"start":{"line":283,"column":0},"end":{"line":283,"column":28}},"283":{"start":{"line":284,"column":0},"end":{"line":284,"column":0}},"284":{"start":{"line":285,"column":0},"end":{"line":285,"column":23}},"285":{"start":{"line":286,"column":0},"end":{"line":286,"column":14}},"286":{"start":{"line":287,"column":0},"end":{"line":287,"column":31}},"287":{"start":{"line":288,"column":0},"end":{"line":288,"column":45}},"288":{"start":{"line":289,"column":0},"end":{"line":289,"column":28}},"289":{"start":{"line":290,"column":0},"end":{"line":290,"column":6}},"290":{"start":{"line":291,"column":0},"end":{"line":291,"column":33}},"291":{"start":{"line":292,"column":0},"end":{"line":292,"column":45}},"292":{"start":{"line":293,"column":0},"end":{"line":293,"column":26}},"293":{"start":{"line":294,"column":0},"end":{"line":294,"column":5}},"294":{"start":{"line":295,"column":0},"end":{"line":295,"column":36}},"295":{"start":{"line":296,"column":0},"end":{"line":296,"column":0}},"296":{"start":{"line":297,"column":0},"end":{"line":297,"column":32}},"297":{"start":{"line":298,"column":0},"end":{"line":298,"column":29}},"298":{"start":{"line":299,"column":0},"end":{"line":299,"column":10}},"299":{"start":{"line":300,"column":0},"end":{"line":300,"column":42}},"300":{"start":{"line":301,"column":0},"end":{"line":301,"column":5}},"301":{"start":{"line":302,"column":0},"end":{"line":302,"column":17}},"302":{"start":{"line":303,"column":0},"end":{"line":303,"column":118}},"303":{"start":{"line":304,"column":0},"end":{"line":304,"column":0}},"304":{"start":{"line":305,"column":0},"end":{"line":305,"column":10}},"305":{"start":{"line":306,"column":0},"end":{"line":306,"column":18}},"306":{"start":{"line":307,"column":0},"end":{"line":307,"column":44}},"307":{"start":{"line":308,"column":0},"end":{"line":308,"column":4}},"308":{"start":{"line":309,"column":0},"end":{"line":309,"column":1}},"309":{"start":{"line":310,"column":0},"end":{"line":310,"column":0}},"310":{"start":{"line":311,"column":0},"end":{"line":311,"column":55}},"311":{"start":{"line":312,"column":0},"end":{"line":312,"column":26}},"312":{"start":{"line":313,"column":0},"end":{"line":313,"column":51}},"313":{"start":{"line":314,"column":0},"end":{"line":314,"column":65}},"314":{"start":{"line":315,"column":0},"end":{"line":315,"column":49}},"315":{"start":{"line":316,"column":0},"end":{"line":316,"column":0}},"316":{"start":{"line":317,"column":0},"end":{"line":317,"column":52}},"317":{"start":{"line":318,"column":0},"end":{"line":318,"column":103}},"318":{"start":{"line":319,"column":0},"end":{"line":319,"column":28}},"319":{"start":{"line":320,"column":0},"end":{"line":320,"column":0}},"320":{"start":{"line":321,"column":0},"end":{"line":321,"column":23}},"321":{"start":{"line":322,"column":0},"end":{"line":322,"column":14}},"322":{"start":{"line":323,"column":0},"end":{"line":323,"column":31}},"323":{"start":{"line":324,"column":0},"end":{"line":324,"column":45}},"324":{"start":{"line":325,"column":0},"end":{"line":325,"column":28}},"325":{"start":{"line":326,"column":0},"end":{"line":326,"column":6}},"326":{"start":{"line":327,"column":0},"end":{"line":327,"column":33}},"327":{"start":{"line":328,"column":0},"end":{"line":328,"column":45}},"328":{"start":{"line":329,"column":0},"end":{"line":329,"column":26}},"329":{"start":{"line":330,"column":0},"end":{"line":330,"column":5}},"330":{"start":{"line":331,"column":0},"end":{"line":331,"column":36}},"331":{"start":{"line":332,"column":0},"end":{"line":332,"column":0}},"332":{"start":{"line":333,"column":0},"end":{"line":333,"column":29}},"333":{"start":{"line":334,"column":0},"end":{"line":334,"column":29}},"334":{"start":{"line":335,"column":0},"end":{"line":335,"column":10}},"335":{"start":{"line":336,"column":0},"end":{"line":336,"column":42}},"336":{"start":{"line":337,"column":0},"end":{"line":337,"column":5}},"337":{"start":{"line":338,"column":0},"end":{"line":338,"column":17}},"338":{"start":{"line":339,"column":0},"end":{"line":339,"column":125}},"339":{"start":{"line":340,"column":0},"end":{"line":340,"column":0}},"340":{"start":{"line":341,"column":0},"end":{"line":341,"column":10}},"341":{"start":{"line":342,"column":0},"end":{"line":342,"column":18}},"342":{"start":{"line":343,"column":0},"end":{"line":343,"column":51}},"343":{"start":{"line":344,"column":0},"end":{"line":344,"column":4}},"344":{"start":{"line":345,"column":0},"end":{"line":345,"column":1}},"345":{"start":{"line":346,"column":0},"end":{"line":346,"column":0}},"346":{"start":{"line":347,"column":0},"end":{"line":347,"column":68}},"347":{"start":{"line":348,"column":0},"end":{"line":348,"column":26}},"348":{"start":{"line":349,"column":0},"end":{"line":349,"column":51}},"349":{"start":{"line":350,"column":0},"end":{"line":350,"column":47}},"350":{"start":{"line":351,"column":0},"end":{"line":351,"column":70}},"351":{"start":{"line":352,"column":0},"end":{"line":352,"column":3}},"352":{"start":{"line":353,"column":0},"end":{"line":353,"column":37}},"353":{"start":{"line":354,"column":0},"end":{"line":354,"column":51}},"354":{"start":{"line":355,"column":0},"end":{"line":355,"column":3}},"355":{"start":{"line":356,"column":0},"end":{"line":356,"column":41}},"356":{"start":{"line":357,"column":0},"end":{"line":357,"column":60}},"357":{"start":{"line":358,"column":0},"end":{"line":358,"column":53}},"358":{"start":{"line":359,"column":0},"end":{"line":359,"column":64}},"359":{"start":{"line":360,"column":0},"end":{"line":360,"column":5}},"360":{"start":{"line":361,"column":0},"end":{"line":361,"column":3}},"361":{"start":{"line":362,"column":0},"end":{"line":362,"column":0}},"362":{"start":{"line":363,"column":0},"end":{"line":363,"column":52}},"363":{"start":{"line":364,"column":0},"end":{"line":364,"column":112}},"364":{"start":{"line":365,"column":0},"end":{"line":365,"column":28}},"365":{"start":{"line":366,"column":0},"end":{"line":366,"column":0}},"366":{"start":{"line":367,"column":0},"end":{"line":367,"column":23}},"367":{"start":{"line":368,"column":0},"end":{"line":368,"column":14}},"368":{"start":{"line":369,"column":0},"end":{"line":369,"column":31}},"369":{"start":{"line":370,"column":0},"end":{"line":370,"column":37}},"370":{"start":{"line":371,"column":0},"end":{"line":371,"column":45}},"371":{"start":{"line":372,"column":0},"end":{"line":372,"column":35}},"372":{"start":{"line":373,"column":0},"end":{"line":373,"column":6}},"373":{"start":{"line":374,"column":0},"end":{"line":374,"column":33}},"374":{"start":{"line":375,"column":0},"end":{"line":375,"column":45}},"375":{"start":{"line":376,"column":0},"end":{"line":376,"column":26}},"376":{"start":{"line":377,"column":0},"end":{"line":377,"column":5}},"377":{"start":{"line":378,"column":0},"end":{"line":378,"column":36}},"378":{"start":{"line":379,"column":0},"end":{"line":379,"column":0}},"379":{"start":{"line":380,"column":0},"end":{"line":380,"column":82}},"380":{"start":{"line":381,"column":0},"end":{"line":381,"column":81}},"381":{"start":{"line":382,"column":0},"end":{"line":382,"column":82}},"382":{"start":{"line":383,"column":0},"end":{"line":383,"column":75}},"383":{"start":{"line":384,"column":0},"end":{"line":384,"column":78}},"384":{"start":{"line":385,"column":0},"end":{"line":385,"column":33}},"385":{"start":{"line":386,"column":0},"end":{"line":386,"column":19}},"386":{"start":{"line":387,"column":0},"end":{"line":387,"column":111}},"387":{"start":{"line":388,"column":0},"end":{"line":388,"column":12}},"388":{"start":{"line":389,"column":0},"end":{"line":389,"column":20}},"389":{"start":{"line":390,"column":0},"end":{"line":390,"column":27}},"390":{"start":{"line":391,"column":0},"end":{"line":391,"column":44}},"391":{"start":{"line":392,"column":0},"end":{"line":392,"column":6}},"392":{"start":{"line":393,"column":0},"end":{"line":393,"column":3}},"393":{"start":{"line":394,"column":0},"end":{"line":394,"column":0}},"394":{"start":{"line":395,"column":0},"end":{"line":395,"column":71}},"395":{"start":{"line":396,"column":0},"end":{"line":396,"column":64}},"396":{"start":{"line":397,"column":0},"end":{"line":397,"column":37}},"397":{"start":{"line":398,"column":0},"end":{"line":398,"column":32}},"398":{"start":{"line":399,"column":0},"end":{"line":399,"column":48}},"399":{"start":{"line":400,"column":0},"end":{"line":400,"column":49}},"400":{"start":{"line":401,"column":0},"end":{"line":401,"column":38}},"401":{"start":{"line":402,"column":0},"end":{"line":402,"column":37}},"402":{"start":{"line":403,"column":0},"end":{"line":403,"column":5}},"403":{"start":{"line":404,"column":0},"end":{"line":404,"column":51}},"404":{"start":{"line":405,"column":0},"end":{"line":405,"column":65}},"405":{"start":{"line":406,"column":0},"end":{"line":406,"column":39}},"406":{"start":{"line":407,"column":0},"end":{"line":407,"column":32}},"407":{"start":{"line":408,"column":0},"end":{"line":408,"column":48}},"408":{"start":{"line":409,"column":0},"end":{"line":409,"column":49}},"409":{"start":{"line":410,"column":0},"end":{"line":410,"column":17}},"410":{"start":{"line":411,"column":0},"end":{"line":411,"column":37}},"411":{"start":{"line":412,"column":0},"end":{"line":412,"column":5}},"412":{"start":{"line":413,"column":0},"end":{"line":413,"column":43}},"413":{"start":{"line":414,"column":0},"end":{"line":414,"column":17}},"414":{"start":{"line":415,"column":0},"end":{"line":415,"column":32}},"415":{"start":{"line":416,"column":0},"end":{"line":416,"column":29}},"416":{"start":{"line":417,"column":0},"end":{"line":417,"column":14}},"417":{"start":{"line":418,"column":0},"end":{"line":418,"column":23}},"418":{"start":{"line":419,"column":0},"end":{"line":419,"column":41}},"419":{"start":{"line":420,"column":0},"end":{"line":420,"column":17}},"420":{"start":{"line":421,"column":0},"end":{"line":421,"column":5}},"421":{"start":{"line":422,"column":0},"end":{"line":422,"column":0}},"422":{"start":{"line":423,"column":0},"end":{"line":423,"column":10}},"423":{"start":{"line":424,"column":0},"end":{"line":424,"column":18}},"424":{"start":{"line":425,"column":0},"end":{"line":425,"column":24}},"425":{"start":{"line":426,"column":0},"end":{"line":426,"column":43}},"426":{"start":{"line":427,"column":0},"end":{"line":427,"column":26}},"427":{"start":{"line":428,"column":0},"end":{"line":428,"column":27}},"428":{"start":{"line":429,"column":0},"end":{"line":429,"column":4}},"429":{"start":{"line":430,"column":0},"end":{"line":430,"column":1}},"430":{"start":{"line":431,"column":0},"end":{"line":431,"column":0}},"431":{"start":{"line":432,"column":0},"end":{"line":432,"column":51}},"432":{"start":{"line":433,"column":0},"end":{"line":433,"column":51}},"433":{"start":{"line":434,"column":0},"end":{"line":434,"column":52}},"434":{"start":{"line":435,"column":0},"end":{"line":435,"column":28}},"435":{"start":{"line":436,"column":0},"end":{"line":436,"column":0}},"436":{"start":{"line":437,"column":0},"end":{"line":437,"column":23}},"437":{"start":{"line":438,"column":0},"end":{"line":438,"column":14}},"438":{"start":{"line":439,"column":0},"end":{"line":439,"column":31}},"439":{"start":{"line":440,"column":0},"end":{"line":440,"column":34}},"440":{"start":{"line":441,"column":0},"end":{"line":441,"column":6}},"441":{"start":{"line":442,"column":0},"end":{"line":442,"column":33}},"442":{"start":{"line":443,"column":0},"end":{"line":443,"column":45}},"443":{"start":{"line":444,"column":0},"end":{"line":444,"column":26}},"444":{"start":{"line":445,"column":0},"end":{"line":445,"column":5}},"445":{"start":{"line":446,"column":0},"end":{"line":446,"column":0}},"446":{"start":{"line":447,"column":0},"end":{"line":447,"column":10}},"447":{"start":{"line":448,"column":0},"end":{"line":448,"column":29}},"448":{"start":{"line":449,"column":0},"end":{"line":449,"column":75}},"449":{"start":{"line":450,"column":0},"end":{"line":450,"column":4}},"450":{"start":{"line":451,"column":0},"end":{"line":451,"column":1}},"451":{"start":{"line":452,"column":0},"end":{"line":452,"column":0}},"452":{"start":{"line":453,"column":0},"end":{"line":453,"column":60}},"453":{"start":{"line":454,"column":0},"end":{"line":454,"column":51}},"454":{"start":{"line":455,"column":0},"end":{"line":455,"column":52}},"455":{"start":{"line":456,"column":0},"end":{"line":456,"column":28}},"456":{"start":{"line":457,"column":0},"end":{"line":457,"column":0}},"457":{"start":{"line":458,"column":0},"end":{"line":458,"column":23}},"458":{"start":{"line":459,"column":0},"end":{"line":459,"column":14}},"459":{"start":{"line":460,"column":0},"end":{"line":460,"column":31}},"460":{"start":{"line":461,"column":0},"end":{"line":461,"column":40}},"461":{"start":{"line":462,"column":0},"end":{"line":462,"column":27}},"462":{"start":{"line":463,"column":0},"end":{"line":463,"column":6}},"463":{"start":{"line":464,"column":0},"end":{"line":464,"column":33}},"464":{"start":{"line":465,"column":0},"end":{"line":465,"column":45}},"465":{"start":{"line":466,"column":0},"end":{"line":466,"column":26}},"466":{"start":{"line":467,"column":0},"end":{"line":467,"column":5}},"467":{"start":{"line":468,"column":0},"end":{"line":468,"column":36}},"468":{"start":{"line":469,"column":0},"end":{"line":469,"column":0}},"469":{"start":{"line":470,"column":0},"end":{"line":470,"column":58}},"470":{"start":{"line":471,"column":0},"end":{"line":471,"column":82}},"471":{"start":{"line":472,"column":0},"end":{"line":472,"column":3}},"472":{"start":{"line":473,"column":0},"end":{"line":473,"column":0}},"473":{"start":{"line":474,"column":0},"end":{"line":474,"column":81}},"474":{"start":{"line":475,"column":0},"end":{"line":475,"column":23}},"475":{"start":{"line":476,"column":0},"end":{"line":476,"column":35}},"476":{"start":{"line":477,"column":0},"end":{"line":477,"column":24}},"477":{"start":{"line":478,"column":0},"end":{"line":478,"column":34}},"478":{"start":{"line":479,"column":0},"end":{"line":479,"column":50}},"479":{"start":{"line":480,"column":0},"end":{"line":480,"column":51}},"480":{"start":{"line":481,"column":0},"end":{"line":481,"column":26}},"481":{"start":{"line":482,"column":0},"end":{"line":482,"column":39}},"482":{"start":{"line":483,"column":0},"end":{"line":483,"column":7}},"483":{"start":{"line":484,"column":0},"end":{"line":484,"column":22}},"484":{"start":{"line":485,"column":0},"end":{"line":485,"column":3}},"485":{"start":{"line":486,"column":0},"end":{"line":486,"column":0}},"486":{"start":{"line":487,"column":0},"end":{"line":487,"column":73}},"487":{"start":{"line":488,"column":0},"end":{"line":488,"column":76}},"488":{"start":{"line":489,"column":0},"end":{"line":489,"column":42}},"489":{"start":{"line":490,"column":0},"end":{"line":490,"column":57}},"490":{"start":{"line":491,"column":0},"end":{"line":491,"column":17}},"491":{"start":{"line":492,"column":0},"end":{"line":492,"column":29}},"492":{"start":{"line":493,"column":0},"end":{"line":493,"column":29}},"493":{"start":{"line":494,"column":0},"end":{"line":494,"column":10}},"494":{"start":{"line":495,"column":0},"end":{"line":495,"column":21}},"495":{"start":{"line":496,"column":0},"end":{"line":496,"column":15}},"496":{"start":{"line":497,"column":0},"end":{"line":497,"column":17}},"497":{"start":{"line":498,"column":0},"end":{"line":498,"column":17}},"498":{"start":{"line":499,"column":0},"end":{"line":499,"column":5}},"499":{"start":{"line":500,"column":0},"end":{"line":500,"column":0}},"500":{"start":{"line":501,"column":0},"end":{"line":501,"column":10}},"501":{"start":{"line":502,"column":0},"end":{"line":502,"column":18}},"502":{"start":{"line":503,"column":0},"end":{"line":503,"column":16}},"503":{"start":{"line":504,"column":0},"end":{"line":504,"column":4}},"504":{"start":{"line":505,"column":0},"end":{"line":505,"column":1}},"505":{"start":{"line":506,"column":0},"end":{"line":506,"column":0}},"506":{"start":{"line":507,"column":0},"end":{"line":507,"column":57}},"507":{"start":{"line":508,"column":0},"end":{"line":508,"column":51}},"508":{"start":{"line":509,"column":0},"end":{"line":509,"column":47}},"509":{"start":{"line":510,"column":0},"end":{"line":510,"column":39}},"510":{"start":{"line":511,"column":0},"end":{"line":511,"column":32}},"511":{"start":{"line":512,"column":0},"end":{"line":512,"column":55}},"512":{"start":{"line":513,"column":0},"end":{"line":513,"column":86}},"513":{"start":{"line":514,"column":0},"end":{"line":514,"column":30}},"514":{"start":{"line":515,"column":0},"end":{"line":515,"column":55}},"515":{"start":{"line":516,"column":0},"end":{"line":516,"column":79}},"516":{"start":{"line":517,"column":0},"end":{"line":517,"column":53}},"517":{"start":{"line":518,"column":0},"end":{"line":518,"column":83}},"518":{"start":{"line":519,"column":0},"end":{"line":519,"column":3}},"519":{"start":{"line":520,"column":0},"end":{"line":520,"column":50}},"520":{"start":{"line":521,"column":0},"end":{"line":521,"column":78}},"521":{"start":{"line":522,"column":0},"end":{"line":522,"column":3}},"522":{"start":{"line":523,"column":0},"end":{"line":523,"column":49}},"523":{"start":{"line":524,"column":0},"end":{"line":524,"column":0}},"524":{"start":{"line":525,"column":0},"end":{"line":525,"column":52}},"525":{"start":{"line":526,"column":0},"end":{"line":526,"column":80}},"526":{"start":{"line":527,"column":0},"end":{"line":527,"column":68}},"527":{"start":{"line":528,"column":0},"end":{"line":528,"column":79}},"528":{"start":{"line":529,"column":0},"end":{"line":529,"column":61}},"529":{"start":{"line":530,"column":0},"end":{"line":530,"column":0}},"530":{"start":{"line":531,"column":0},"end":{"line":531,"column":23}},"531":{"start":{"line":532,"column":0},"end":{"line":532,"column":14}},"532":{"start":{"line":533,"column":0},"end":{"line":533,"column":31}},"533":{"start":{"line":534,"column":0},"end":{"line":534,"column":12}},"534":{"start":{"line":535,"column":0},"end":{"line":535,"column":43}},"535":{"start":{"line":536,"column":0},"end":{"line":536,"column":23}},"536":{"start":{"line":537,"column":0},"end":{"line":537,"column":43}},"537":{"start":{"line":538,"column":0},"end":{"line":538,"column":44}},"538":{"start":{"line":539,"column":0},"end":{"line":539,"column":6}},"539":{"start":{"line":540,"column":0},"end":{"line":540,"column":33}},"540":{"start":{"line":541,"column":0},"end":{"line":541,"column":45}},"541":{"start":{"line":542,"column":0},"end":{"line":542,"column":26}},"542":{"start":{"line":543,"column":0},"end":{"line":543,"column":5}},"543":{"start":{"line":544,"column":0},"end":{"line":544,"column":36}},"544":{"start":{"line":545,"column":0},"end":{"line":545,"column":0}},"545":{"start":{"line":546,"column":0},"end":{"line":546,"column":40}},"546":{"start":{"line":547,"column":0},"end":{"line":547,"column":32}},"547":{"start":{"line":548,"column":0},"end":{"line":548,"column":48}},"548":{"start":{"line":549,"column":0},"end":{"line":549,"column":49}},"549":{"start":{"line":550,"column":0},"end":{"line":550,"column":33}},"550":{"start":{"line":551,"column":0},"end":{"line":551,"column":23}},"551":{"start":{"line":552,"column":0},"end":{"line":552,"column":37}},"552":{"start":{"line":553,"column":0},"end":{"line":553,"column":5}},"553":{"start":{"line":554,"column":0},"end":{"line":554,"column":75}},"554":{"start":{"line":555,"column":0},"end":{"line":555,"column":55}},"555":{"start":{"line":556,"column":0},"end":{"line":556,"column":0}},"556":{"start":{"line":557,"column":0},"end":{"line":557,"column":32}},"557":{"start":{"line":558,"column":0},"end":{"line":558,"column":29}},"558":{"start":{"line":559,"column":0},"end":{"line":559,"column":10}},"559":{"start":{"line":560,"column":0},"end":{"line":560,"column":21}},"560":{"start":{"line":561,"column":0},"end":{"line":561,"column":41}},"561":{"start":{"line":562,"column":0},"end":{"line":562,"column":43}},"562":{"start":{"line":563,"column":0},"end":{"line":563,"column":24}},"563":{"start":{"line":564,"column":0},"end":{"line":564,"column":30}},"564":{"start":{"line":565,"column":0},"end":{"line":565,"column":5}},"565":{"start":{"line":566,"column":0},"end":{"line":566,"column":17}},"566":{"start":{"line":567,"column":0},"end":{"line":567,"column":82}},"567":{"start":{"line":568,"column":0},"end":{"line":568,"column":0}},"568":{"start":{"line":569,"column":0},"end":{"line":569,"column":10}},"569":{"start":{"line":570,"column":0},"end":{"line":570,"column":29}},"570":{"start":{"line":571,"column":0},"end":{"line":571,"column":27}},"571":{"start":{"line":572,"column":0},"end":{"line":572,"column":19}},"572":{"start":{"line":573,"column":0},"end":{"line":573,"column":31}},"573":{"start":{"line":574,"column":0},"end":{"line":574,"column":29}},"574":{"start":{"line":575,"column":0},"end":{"line":575,"column":28}},"575":{"start":{"line":576,"column":0},"end":{"line":576,"column":4}},"576":{"start":{"line":577,"column":0},"end":{"line":577,"column":1}},"577":{"start":{"line":578,"column":0},"end":{"line":578,"column":0}},"578":{"start":{"line":579,"column":0},"end":{"line":579,"column":35}},"579":{"start":{"line":580,"column":0},"end":{"line":580,"column":51}},"580":{"start":{"line":581,"column":0},"end":{"line":581,"column":83}},"581":{"start":{"line":582,"column":0},"end":{"line":582,"column":87}},"582":{"start":{"line":583,"column":0},"end":{"line":583,"column":33}},"583":{"start":{"line":584,"column":0},"end":{"line":584,"column":71}},"584":{"start":{"line":585,"column":0},"end":{"line":585,"column":3}},"585":{"start":{"line":586,"column":0},"end":{"line":586,"column":58}},"586":{"start":{"line":587,"column":0},"end":{"line":587,"column":60}},"587":{"start":{"line":588,"column":0},"end":{"line":588,"column":3}},"588":{"start":{"line":589,"column":0},"end":{"line":589,"column":47}},"589":{"start":{"line":590,"column":0},"end":{"line":590,"column":39}},"590":{"start":{"line":591,"column":0},"end":{"line":591,"column":32}},"591":{"start":{"line":592,"column":0},"end":{"line":592,"column":0}},"592":{"start":{"line":593,"column":0},"end":{"line":593,"column":23}},"593":{"start":{"line":594,"column":0},"end":{"line":594,"column":14}},"594":{"start":{"line":595,"column":0},"end":{"line":595,"column":31}},"595":{"start":{"line":596,"column":0},"end":{"line":596,"column":12}},"596":{"start":{"line":597,"column":0},"end":{"line":597,"column":55}},"597":{"start":{"line":598,"column":0},"end":{"line":598,"column":50}},"598":{"start":{"line":599,"column":0},"end":{"line":599,"column":6}},"599":{"start":{"line":600,"column":0},"end":{"line":600,"column":33}},"600":{"start":{"line":601,"column":0},"end":{"line":601,"column":45}},"601":{"start":{"line":602,"column":0},"end":{"line":602,"column":26}},"602":{"start":{"line":603,"column":0},"end":{"line":603,"column":5}},"603":{"start":{"line":604,"column":0},"end":{"line":604,"column":0}},"604":{"start":{"line":605,"column":0},"end":{"line":605,"column":32}},"605":{"start":{"line":606,"column":0},"end":{"line":606,"column":29}},"606":{"start":{"line":607,"column":0},"end":{"line":607,"column":10}},"607":{"start":{"line":608,"column":0},"end":{"line":608,"column":58}},"608":{"start":{"line":609,"column":0},"end":{"line":609,"column":53}},"609":{"start":{"line":610,"column":0},"end":{"line":610,"column":5}},"610":{"start":{"line":611,"column":0},"end":{"line":611,"column":24}},"611":{"start":{"line":612,"column":0},"end":{"line":612,"column":17}},"612":{"start":{"line":613,"column":0},"end":{"line":613,"column":29}},"613":{"start":{"line":614,"column":0},"end":{"line":614,"column":39}},"614":{"start":{"line":615,"column":0},"end":{"line":615,"column":17}},"615":{"start":{"line":616,"column":0},"end":{"line":616,"column":5}},"616":{"start":{"line":617,"column":0},"end":{"line":617,"column":0}},"617":{"start":{"line":618,"column":0},"end":{"line":618,"column":10}},"618":{"start":{"line":619,"column":0},"end":{"line":619,"column":19}},"619":{"start":{"line":620,"column":0},"end":{"line":620,"column":29}},"620":{"start":{"line":621,"column":0},"end":{"line":621,"column":66}},"621":{"start":{"line":622,"column":0},"end":{"line":622,"column":4}},"622":{"start":{"line":623,"column":0},"end":{"line":623,"column":1}},"623":{"start":{"line":624,"column":0},"end":{"line":624,"column":0}},"624":{"start":{"line":625,"column":0},"end":{"line":625,"column":38}},"625":{"start":{"line":626,"column":0},"end":{"line":626,"column":47}},"626":{"start":{"line":627,"column":0},"end":{"line":627,"column":40}},"627":{"start":{"line":628,"column":0},"end":{"line":628,"column":101}},"628":{"start":{"line":629,"column":0},"end":{"line":629,"column":58}},"629":{"start":{"line":630,"column":0},"end":{"line":630,"column":49}},"630":{"start":{"line":631,"column":0},"end":{"line":631,"column":1}},"631":{"start":{"line":632,"column":0},"end":{"line":632,"column":0}},"632":{"start":{"line":633,"column":0},"end":{"line":633,"column":34}},"633":{"start":{"line":634,"column":0},"end":{"line":634,"column":26}},"634":{"start":{"line":635,"column":0},"end":{"line":635,"column":82}},"635":{"start":{"line":636,"column":0},"end":{"line":636,"column":3}},"636":{"start":{"line":637,"column":0},"end":{"line":637,"column":1}},"637":{"start":{"line":638,"column":0},"end":{"line":638,"column":0}},"638":{"start":{"line":639,"column":0},"end":{"line":639,"column":25}},"639":{"start":{"line":640,"column":0},"end":{"line":640,"column":54}},"640":{"start":{"line":641,"column":0},"end":{"line":641,"column":1}},"641":{"start":{"line":642,"column":0},"end":{"line":642,"column":0}},"642":{"start":{"line":643,"column":0},"end":{"line":643,"column":46}},"643":{"start":{"line":644,"column":0},"end":{"line":644,"column":67}},"644":{"start":{"line":645,"column":0},"end":{"line":645,"column":81}},"645":{"start":{"line":646,"column":0},"end":{"line":646,"column":51}},"646":{"start":{"line":647,"column":0},"end":{"line":647,"column":57}},"647":{"start":{"line":648,"column":0},"end":{"line":648,"column":25}},"648":{"start":{"line":649,"column":0},"end":{"line":649,"column":1}},"649":{"start":{"line":650,"column":0},"end":{"line":650,"column":0}},"650":{"start":{"line":651,"column":0},"end":{"line":651,"column":44}},"651":{"start":{"line":652,"column":0},"end":{"line":652,"column":82}},"652":{"start":{"line":653,"column":0},"end":{"line":653,"column":38}},"653":{"start":{"line":654,"column":0},"end":{"line":654,"column":50}},"654":{"start":{"line":655,"column":0},"end":{"line":655,"column":3}},"655":{"start":{"line":656,"column":0},"end":{"line":656,"column":51}},"656":{"start":{"line":657,"column":0},"end":{"line":657,"column":37}},"657":{"start":{"line":658,"column":0},"end":{"line":658,"column":93}},"658":{"start":{"line":659,"column":0},"end":{"line":659,"column":3}},"659":{"start":{"line":660,"column":0},"end":{"line":660,"column":43}},"660":{"start":{"line":661,"column":0},"end":{"line":661,"column":1}},"661":{"start":{"line":662,"column":0},"end":{"line":662,"column":0}},"662":{"start":{"line":663,"column":0},"end":{"line":663,"column":34}},"663":{"start":{"line":664,"column":0},"end":{"line":664,"column":15}},"664":{"start":{"line":665,"column":0},"end":{"line":665,"column":20}},"665":{"start":{"line":666,"column":0},"end":{"line":666,"column":35}},"666":{"start":{"line":667,"column":0},"end":{"line":667,"column":12}},"667":{"start":{"line":668,"column":0},"end":{"line":668,"column":15}},"668":{"start":{"line":669,"column":0},"end":{"line":669,"column":6}},"669":{"start":{"line":670,"column":0},"end":{"line":670,"column":4}},"670":{"start":{"line":671,"column":0},"end":{"line":671,"column":1}},"671":{"start":{"line":672,"column":0},"end":{"line":672,"column":0}},"672":{"start":{"line":673,"column":0},"end":{"line":673,"column":90}},"673":{"start":{"line":674,"column":0},"end":{"line":674,"column":37}},"674":{"start":{"line":675,"column":0},"end":{"line":675,"column":9}},"675":{"start":{"line":676,"column":0},"end":{"line":676,"column":70}},"676":{"start":{"line":677,"column":0},"end":{"line":677,"column":28}},"677":{"start":{"line":678,"column":0},"end":{"line":678,"column":21}},"678":{"start":{"line":679,"column":0},"end":{"line":679,"column":118}},"679":{"start":{"line":680,"column":0},"end":{"line":680,"column":33}},"680":{"start":{"line":681,"column":0},"end":{"line":681,"column":37}},"681":{"start":{"line":682,"column":0},"end":{"line":682,"column":23}},"682":{"start":{"line":683,"column":0},"end":{"line":683,"column":29}},"683":{"start":{"line":684,"column":0},"end":{"line":684,"column":34}},"684":{"start":{"line":685,"column":0},"end":{"line":685,"column":9}},"685":{"start":{"line":686,"column":0},"end":{"line":686,"column":126}},"686":{"start":{"line":687,"column":0},"end":{"line":687,"column":64}},"687":{"start":{"line":688,"column":0},"end":{"line":688,"column":5}},"688":{"start":{"line":689,"column":0},"end":{"line":689,"column":3}},"689":{"start":{"line":690,"column":0},"end":{"line":690,"column":1}},"690":{"start":{"line":691,"column":0},"end":{"line":691,"column":0}},"691":{"start":{"line":692,"column":0},"end":{"line":692,"column":35}},"692":{"start":{"line":693,"column":0},"end":{"line":693,"column":39}},"693":{"start":{"line":694,"column":0},"end":{"line":694,"column":1}},"694":{"start":{"line":695,"column":0},"end":{"line":695,"column":0}},"695":{"start":{"line":696,"column":0},"end":{"line":696,"column":67}},"696":{"start":{"line":697,"column":0},"end":{"line":697,"column":89}},"697":{"start":{"line":698,"column":0},"end":{"line":698,"column":31}},"698":{"start":{"line":699,"column":0},"end":{"line":699,"column":59}},"699":{"start":{"line":700,"column":0},"end":{"line":700,"column":90}},"700":{"start":{"line":701,"column":0},"end":{"line":701,"column":3}},"701":{"start":{"line":702,"column":0},"end":{"line":702,"column":1}},"702":{"start":{"line":703,"column":0},"end":{"line":703,"column":0}},"703":{"start":{"line":704,"column":0},"end":{"line":704,"column":41}},"704":{"start":{"line":705,"column":0},"end":{"line":705,"column":68}},"705":{"start":{"line":706,"column":0},"end":{"line":706,"column":61}},"706":{"start":{"line":707,"column":0},"end":{"line":707,"column":3}},"707":{"start":{"line":708,"column":0},"end":{"line":708,"column":1}},"708":{"start":{"line":709,"column":0},"end":{"line":709,"column":0}},"709":{"start":{"line":710,"column":0},"end":{"line":710,"column":50}},"710":{"start":{"line":711,"column":0},"end":{"line":711,"column":86}},"711":{"start":{"line":712,"column":0},"end":{"line":712,"column":86}},"712":{"start":{"line":713,"column":0},"end":{"line":713,"column":33}},"713":{"start":{"line":714,"column":0},"end":{"line":714,"column":52}},"714":{"start":{"line":715,"column":0},"end":{"line":715,"column":36}},"715":{"start":{"line":716,"column":0},"end":{"line":716,"column":3}},"716":{"start":{"line":717,"column":0},"end":{"line":717,"column":1}},"717":{"start":{"line":718,"column":0},"end":{"line":718,"column":0}},"718":{"start":{"line":719,"column":0},"end":{"line":719,"column":43}},"719":{"start":{"line":720,"column":0},"end":{"line":720,"column":90}},"720":{"start":{"line":721,"column":0},"end":{"line":721,"column":91}},"721":{"start":{"line":722,"column":0},"end":{"line":722,"column":35}},"722":{"start":{"line":723,"column":0},"end":{"line":723,"column":40}},"723":{"start":{"line":724,"column":0},"end":{"line":724,"column":64}},"724":{"start":{"line":725,"column":0},"end":{"line":725,"column":41}},"725":{"start":{"line":726,"column":0},"end":{"line":726,"column":66}},"726":{"start":{"line":727,"column":0},"end":{"line":727,"column":3}},"727":{"start":{"line":728,"column":0},"end":{"line":728,"column":1}}},"s":{"0":1,"1":1,"2":1,"3":1,"4":1,"5":1,"6":1,"7":1,"8":1,"9":1,"10":1,"11":1,"12":1,"13":1,"14":1,"15":1,"16":1,"17":1,"18":1,"19":1,"20":1,"21":1,"22":1,"23":1,"24":1,"25":1,"26":1,"27":1,"28":1,"29":25,"30":25,"31":25,"32":25,"33":25,"34":25,"35":25,"36":3,"37":25,"38":4,"39":25,"40":2,"41":25,"42":2,"43":25,"44":2,"45":25,"46":0,"47":25,"48":0,"49":25,"50":0,"51":25,"52":4,"53":25,"54":0,"55":25,"56":3,"57":25,"58":1,"59":25,"60":4,"61":25,"62":0,"63":25,"64":0,"65":25,"66":25,"67":1,"68":3,"69":3,"70":3,"71":0,"72":0,"73":3,"74":0,"75":0,"76":3,"77":3,"78":3,"79":3,"80":3,"81":3,"82":3,"83":3,"84":3,"85":3,"86":3,"87":3,"88":3,"89":3,"90":3,"91":3,"92":3,"93":3,"94":3,"95":3,"96":3,"97":3,"98":3,"99":3,"100":3,"101":3,"102":3,"103":3,"104":3,"105":3,"106":3,"107":3,"108":3,"109":3,"110":3,"111":3,"112":3,"113":3,"114":3,"115":3,"116":3,"117":3,"118":3,"119":3,"120":1,"121":4,"122":4,"123":4,"124":4,"125":4,"126":4,"127":4,"128":4,"129":4,"130":4,"131":4,"132":4,"133":4,"134":4,"135":4,"136":4,"137":4,"138":4,"139":4,"140":4,"141":4,"142":4,"143":4,"144":4,"145":4,"146":4,"147":4,"148":4,"149":4,"150":4,"151":4,"152":4,"153":4,"154":4,"155":4,"156":4,"157":4,"158":4,"159":4,"160":4,"161":4,"162":4,"163":4,"164":4,"165":4,"166":4,"167":4,"168":4,"169":4,"170":4,"171":4,"172":4,"173":4,"174":4,"175":1,"176":2,"177":2,"178":2,"179":2,"180":2,"181":2,"182":2,"183":2,"184":2,"185":2,"186":2,"187":2,"188":2,"189":2,"190":2,"191":2,"192":2,"193":2,"194":2,"195":2,"196":2,"197":2,"198":2,"199":2,"200":2,"201":2,"202":2,"203":2,"204":2,"205":2,"206":2,"207":2,"208":2,"209":2,"210":2,"211":2,"212":2,"213":1,"214":2,"215":2,"216":2,"217":2,"218":2,"219":2,"220":2,"221":2,"222":2,"223":2,"224":2,"225":2,"226":2,"227":2,"228":2,"229":2,"230":2,"231":2,"232":2,"233":2,"234":2,"235":2,"236":2,"237":2,"238":2,"239":2,"240":2,"241":2,"242":2,"243":2,"244":2,"245":2,"246":2,"247":1,"248":0,"249":0,"250":0,"251":0,"252":0,"253":0,"254":0,"255":0,"256":0,"257":0,"258":0,"259":0,"260":0,"261":0,"262":0,"263":0,"264":0,"265":0,"266":0,"267":0,"268":0,"269":0,"270":0,"271":0,"272":0,"273":1,"274":2,"275":2,"276":2,"277":2,"278":2,"279":2,"280":2,"281":2,"282":2,"283":2,"284":2,"285":2,"286":2,"287":2,"288":2,"289":2,"290":2,"291":2,"292":2,"293":2,"294":2,"295":2,"296":2,"297":2,"298":2,"299":2,"300":2,"301":2,"302":2,"303":2,"304":2,"305":2,"306":2,"307":2,"308":2,"309":1,"310":0,"311":0,"312":0,"313":0,"314":0,"315":0,"316":0,"317":0,"318":0,"319":0,"320":0,"321":0,"322":0,"323":0,"324":0,"325":0,"326":0,"327":0,"328":0,"329":0,"330":0,"331":0,"332":0,"333":0,"334":0,"335":0,"336":0,"337":0,"338":0,"339":0,"340":0,"341":0,"342":0,"343":0,"344":0,"345":1,"346":0,"347":0,"348":0,"349":0,"350":0,"351":0,"352":0,"353":0,"354":0,"355":0,"356":0,"357":0,"358":0,"359":0,"360":0,"361":0,"362":0,"363":0,"364":0,"365":0,"366":0,"367":0,"368":0,"369":0,"370":0,"371":0,"372":0,"373":0,"374":0,"375":0,"376":0,"377":0,"378":0,"379":0,"380":0,"381":0,"382":0,"383":0,"384":0,"385":0,"386":0,"387":0,"388":0,"389":0,"390":0,"391":0,"392":0,"393":0,"394":0,"395":0,"396":0,"397":0,"398":0,"399":0,"400":0,"401":0,"402":0,"403":0,"404":0,"405":0,"406":0,"407":0,"408":0,"409":0,"410":0,"411":0,"412":0,"413":0,"414":0,"415":0,"416":0,"417":0,"418":0,"419":0,"420":0,"421":0,"422":0,"423":0,"424":0,"425":0,"426":0,"427":0,"428":0,"429":0,"430":1,"431":0,"432":0,"433":0,"434":0,"435":0,"436":0,"437":0,"438":0,"439":0,"440":0,"441":0,"442":0,"443":0,"444":0,"445":0,"446":0,"447":0,"448":0,"449":0,"450":0,"451":1,"452":4,"453":4,"454":4,"455":4,"456":4,"457":4,"458":4,"459":4,"460":4,"461":4,"462":4,"463":4,"464":4,"465":4,"466":4,"467":4,"468":4,"469":4,"470":1,"471":1,"472":1,"473":1,"474":1,"475":1,"476":1,"477":1,"478":1,"479":1,"480":1,"481":1,"482":1,"483":1,"484":1,"485":1,"486":1,"487":1,"488":1,"489":1,"490":1,"491":1,"492":1,"493":1,"494":1,"495":1,"496":1,"497":1,"498":1,"499":1,"500":1,"501":1,"502":1,"503":1,"504":1,"505":1,"506":3,"507":3,"508":3,"509":3,"510":3,"511":3,"512":3,"513":3,"514":3,"515":3,"516":3,"517":2,"518":2,"519":3,"520":0,"521":0,"522":3,"523":3,"524":3,"525":3,"526":3,"527":3,"528":3,"529":3,"530":3,"531":3,"532":3,"533":3,"534":3,"535":3,"536":3,"537":3,"538":3,"539":3,"540":3,"541":3,"542":3,"543":3,"544":3,"545":3,"546":3,"547":3,"548":3,"549":3,"550":3,"551":3,"552":3,"553":3,"554":3,"555":3,"556":3,"557":3,"558":3,"559":3,"560":3,"561":3,"562":3,"563":3,"564":3,"565":3,"566":3,"567":3,"568":3,"569":3,"570":3,"571":3,"572":3,"573":3,"574":3,"575":3,"576":3,"577":1,"578":4,"579":4,"580":4,"581":4,"582":4,"583":0,"584":0,"585":4,"586":0,"587":0,"588":4,"589":4,"590":4,"591":4,"592":4,"593":4,"594":4,"595":4,"596":4,"597":4,"598":4,"599":4,"600":4,"601":4,"602":4,"603":4,"604":4,"605":4,"606":4,"607":4,"608":4,"609":4,"610":4,"611":4,"612":4,"613":4,"614":4,"615":4,"616":4,"617":4,"618":4,"619":4,"620":4,"621":4,"622":4,"623":1,"624":1,"625":1,"626":1,"627":1,"628":1,"629":1,"630":1,"631":1,"632":10,"633":10,"634":0,"635":0,"636":10,"637":1,"638":17,"639":17,"640":17,"641":1,"642":25,"643":25,"644":18,"645":18,"646":18,"647":5,"648":5,"649":1,"650":18,"651":18,"652":18,"653":18,"654":18,"655":18,"656":18,"657":0,"658":0,"659":18,"660":18,"661":1,"662":19,"663":19,"664":19,"665":19,"666":19,"667":19,"668":19,"669":19,"670":19,"671":1,"672":1,"673":0,"674":0,"675":0,"676":0,"677":0,"678":0,"679":0,"680":0,"681":0,"682":0,"683":0,"684":0,"685":0,"686":0,"687":0,"688":0,"689":0,"690":1,"691":20,"692":20,"693":20,"694":1,"695":35,"696":35,"697":35,"698":35,"699":0,"700":0,"701":35,"702":1,"703":11,"704":11,"705":0,"706":0,"707":11,"708":1,"709":4,"710":4,"711":4,"712":4,"713":0,"714":0,"715":0,"716":4,"717":1,"718":3,"719":3,"720":3,"721":3,"722":1,"723":1,"724":1,"725":1,"726":1,"727":3},"branchMap":{"0":{"type":"branch","line":20,"loc":{"start":{"line":20,"column":56},"end":{"line":20,"column":87}},"locations":[{"start":{"line":20,"column":56},"end":{"line":20,"column":87}}]},"1":{"type":"branch","line":29,"loc":{"start":{"line":29,"column":7},"end":{"line":67,"column":1}},"locations":[{"start":{"line":29,"column":7},"end":{"line":67,"column":1}}]},"2":{"type":"branch","line":30,"loc":{"start":{"line":30,"column":37},"end":{"line":30,"column":93}},"locations":[{"start":{"line":30,"column":37},"end":{"line":30,"column":93}}]},"3":{"type":"branch","line":32,"loc":{"start":{"line":32,"column":28},"end":{"line":32,"column":34}},"locations":[{"start":{"line":32,"column":28},"end":{"line":32,"column":34}}]},"4":{"type":"branch","line":36,"loc":{"start":{"line":36,"column":4},"end":{"line":37,"column":78}},"locations":[{"start":{"line":36,"column":4},"end":{"line":37,"column":78}}]},"5":{"type":"branch","line":38,"loc":{"start":{"line":38,"column":4},"end":{"line":39,"column":82}},"locations":[{"start":{"line":38,"column":4},"end":{"line":39,"column":82}}]},"6":{"type":"branch","line":40,"loc":{"start":{"line":40,"column":4},"end":{"line":41,"column":74}},"locations":[{"start":{"line":40,"column":4},"end":{"line":41,"column":74}}]},"7":{"type":"branch","line":42,"loc":{"start":{"line":42,"column":4},"end":{"line":43,"column":73}},"locations":[{"start":{"line":42,"column":4},"end":{"line":43,"column":73}}]},"8":{"type":"branch","line":44,"loc":{"start":{"line":44,"column":4},"end":{"line":45,"column":73}},"locations":[{"start":{"line":44,"column":4},"end":{"line":45,"column":73}}]},"9":{"type":"branch","line":46,"loc":{"start":{"line":46,"column":4},"end":{"line":47,"column":73}},"locations":[{"start":{"line":46,"column":4},"end":{"line":47,"column":73}}]},"10":{"type":"branch","line":48,"loc":{"start":{"line":48,"column":4},"end":{"line":49,"column":86}},"locations":[{"start":{"line":48,"column":4},"end":{"line":49,"column":86}}]},"11":{"type":"branch","line":50,"loc":{"start":{"line":50,"column":4},"end":{"line":51,"column":69}},"locations":[{"start":{"line":50,"column":4},"end":{"line":51,"column":69}}]},"12":{"type":"branch","line":52,"loc":{"start":{"line":52,"column":4},"end":{"line":53,"column":78}},"locations":[{"start":{"line":52,"column":4},"end":{"line":53,"column":78}}]},"13":{"type":"branch","line":53,"loc":{"start":{"line":53,"column":76},"end":{"line":53,"column":78}},"locations":[{"start":{"line":53,"column":76},"end":{"line":53,"column":78}}]},"14":{"type":"branch","line":54,"loc":{"start":{"line":54,"column":4},"end":{"line":55,"column":68}},"locations":[{"start":{"line":54,"column":4},"end":{"line":55,"column":68}}]},"15":{"type":"branch","line":56,"loc":{"start":{"line":56,"column":4},"end":{"line":57,"column":75}},"locations":[{"start":{"line":56,"column":4},"end":{"line":57,"column":75}}]},"16":{"type":"branch","line":58,"loc":{"start":{"line":58,"column":4},"end":{"line":59,"column":56}},"locations":[{"start":{"line":58,"column":4},"end":{"line":59,"column":56}}]},"17":{"type":"branch","line":60,"loc":{"start":{"line":60,"column":4},"end":{"line":61,"column":53}},"locations":[{"start":{"line":60,"column":4},"end":{"line":61,"column":53}}]},"18":{"type":"branch","line":62,"loc":{"start":{"line":62,"column":4},"end":{"line":63,"column":55}},"locations":[{"start":{"line":62,"column":4},"end":{"line":63,"column":55}}]},"19":{"type":"branch","line":64,"loc":{"start":{"line":64,"column":4},"end":{"line":65,"column":67}},"locations":[{"start":{"line":64,"column":4},"end":{"line":65,"column":67}}]},"20":{"type":"branch","line":69,"loc":{"start":{"line":69,"column":0},"end":{"line":120,"column":1}},"locations":[{"start":{"line":69,"column":0},"end":{"line":120,"column":1}}]},"21":{"type":"branch","line":70,"loc":{"start":{"line":70,"column":32},"end":{"line":70,"column":48}},"locations":[{"start":{"line":70,"column":32},"end":{"line":70,"column":48}}]},"22":{"type":"branch","line":71,"loc":{"start":{"line":71,"column":28},"end":{"line":73,"column":3}},"locations":[{"start":{"line":71,"column":28},"end":{"line":73,"column":3}}]},"23":{"type":"branch","line":74,"loc":{"start":{"line":74,"column":34},"end":{"line":76,"column":3}},"locations":[{"start":{"line":74,"column":34},"end":{"line":76,"column":3}}]},"24":{"type":"branch","line":77,"loc":{"start":{"line":77,"column":31},"end":{"line":77,"column":37}},"locations":[{"start":{"line":77,"column":31},"end":{"line":77,"column":37}}]},"25":{"type":"branch","line":85,"loc":{"start":{"line":85,"column":32},"end":{"line":85,"column":38}},"locations":[{"start":{"line":85,"column":32},"end":{"line":85,"column":38}}]},"26":{"type":"branch","line":106,"loc":{"start":{"line":106,"column":30},"end":{"line":106,"column":36}},"locations":[{"start":{"line":106,"column":30},"end":{"line":106,"column":36}}]},"27":{"type":"branch","line":122,"loc":{"start":{"line":122,"column":0},"end":{"line":175,"column":1}},"locations":[{"start":{"line":122,"column":0},"end":{"line":175,"column":1}}]},"28":{"type":"branch","line":124,"loc":{"start":{"line":124,"column":31},"end":{"line":124,"column":37}},"locations":[{"start":{"line":124,"column":31},"end":{"line":124,"column":37}}]},"29":{"type":"branch","line":127,"loc":{"start":{"line":127,"column":48},"end":{"line":127,"column":54}},"locations":[{"start":{"line":127,"column":48},"end":{"line":127,"column":54}}]},"30":{"type":"branch","line":133,"loc":{"start":{"line":133,"column":32},"end":{"line":133,"column":38}},"locations":[{"start":{"line":133,"column":32},"end":{"line":133,"column":38}}]},"31":{"type":"branch","line":134,"loc":{"start":{"line":134,"column":50},"end":{"line":134,"column":56}},"locations":[{"start":{"line":134,"column":50},"end":{"line":134,"column":56}}]},"32":{"type":"branch","line":156,"loc":{"start":{"line":156,"column":30},"end":{"line":156,"column":36}},"locations":[{"start":{"line":156,"column":30},"end":{"line":156,"column":36}}]},"33":{"type":"branch","line":160,"loc":{"start":{"line":160,"column":41},"end":{"line":160,"column":47}},"locations":[{"start":{"line":160,"column":41},"end":{"line":160,"column":47}}]},"34":{"type":"branch","line":177,"loc":{"start":{"line":177,"column":0},"end":{"line":213,"column":1}},"locations":[{"start":{"line":177,"column":0},"end":{"line":213,"column":1}}]},"35":{"type":"branch","line":184,"loc":{"start":{"line":184,"column":29},"end":{"line":184,"column":103}},"locations":[{"start":{"line":184,"column":29},"end":{"line":184,"column":103}}]},"36":{"type":"branch","line":215,"loc":{"start":{"line":215,"column":0},"end":{"line":247,"column":1}},"locations":[{"start":{"line":215,"column":0},"end":{"line":247,"column":1}}]},"37":{"type":"branch","line":233,"loc":{"start":{"line":233,"column":29},"end":{"line":233,"column":103}},"locations":[{"start":{"line":233,"column":29},"end":{"line":233,"column":103}}]},"38":{"type":"branch","line":275,"loc":{"start":{"line":275,"column":0},"end":{"line":309,"column":1}},"locations":[{"start":{"line":275,"column":0},"end":{"line":309,"column":1}}]},"39":{"type":"branch","line":282,"loc":{"start":{"line":282,"column":29},"end":{"line":282,"column":109}},"locations":[{"start":{"line":282,"column":29},"end":{"line":282,"column":109}}]},"40":{"type":"branch","line":453,"loc":{"start":{"line":453,"column":0},"end":{"line":505,"column":1}},"locations":[{"start":{"line":453,"column":0},"end":{"line":505,"column":1}}]},"41":{"type":"branch","line":470,"loc":{"start":{"line":470,"column":27},"end":{"line":470,"column":55}},"locations":[{"start":{"line":470,"column":27},"end":{"line":470,"column":55}}]},"42":{"type":"branch","line":470,"loc":{"start":{"line":470,"column":57},"end":{"line":505,"column":1}},"locations":[{"start":{"line":470,"column":57},"end":{"line":505,"column":1}}]},"43":{"type":"branch","line":507,"loc":{"start":{"line":507,"column":0},"end":{"line":577,"column":1}},"locations":[{"start":{"line":507,"column":0},"end":{"line":577,"column":1}}]},"44":{"type":"branch","line":509,"loc":{"start":{"line":509,"column":29},"end":{"line":509,"column":46}},"locations":[{"start":{"line":509,"column":29},"end":{"line":509,"column":46}}]},"45":{"type":"branch","line":513,"loc":{"start":{"line":513,"column":39},"end":{"line":513,"column":86}},"locations":[{"start":{"line":513,"column":39},"end":{"line":513,"column":86}}]},"46":{"type":"branch","line":517,"loc":{"start":{"line":517,"column":52},"end":{"line":519,"column":3}},"locations":[{"start":{"line":517,"column":52},"end":{"line":519,"column":3}}]},"47":{"type":"branch","line":520,"loc":{"start":{"line":520,"column":49},"end":{"line":522,"column":3}},"locations":[{"start":{"line":520,"column":49},"end":{"line":522,"column":3}}]},"48":{"type":"branch","line":523,"loc":{"start":{"line":523,"column":41},"end":{"line":523,"column":47}},"locations":[{"start":{"line":523,"column":41},"end":{"line":523,"column":47}}]},"49":{"type":"branch","line":538,"loc":{"start":{"line":538,"column":38},"end":{"line":538,"column":44}},"locations":[{"start":{"line":538,"column":38},"end":{"line":538,"column":44}}]},"50":{"type":"branch","line":562,"loc":{"start":{"line":562,"column":36},"end":{"line":562,"column":42}},"locations":[{"start":{"line":562,"column":36},"end":{"line":562,"column":42}}]},"51":{"type":"branch","line":579,"loc":{"start":{"line":579,"column":0},"end":{"line":623,"column":1}},"locations":[{"start":{"line":579,"column":0},"end":{"line":623,"column":1}}]},"52":{"type":"branch","line":582,"loc":{"start":{"line":582,"column":56},"end":{"line":582,"column":86}},"locations":[{"start":{"line":582,"column":56},"end":{"line":582,"column":86}}]},"53":{"type":"branch","line":583,"loc":{"start":{"line":583,"column":15},"end":{"line":583,"column":30}},"locations":[{"start":{"line":583,"column":15},"end":{"line":583,"column":30}}]},"54":{"type":"branch","line":583,"loc":{"start":{"line":583,"column":32},"end":{"line":585,"column":3}},"locations":[{"start":{"line":583,"column":32},"end":{"line":585,"column":3}}]},"55":{"type":"branch","line":586,"loc":{"start":{"line":586,"column":57},"end":{"line":588,"column":3}},"locations":[{"start":{"line":586,"column":57},"end":{"line":588,"column":3}}]},"56":{"type":"branch","line":589,"loc":{"start":{"line":589,"column":29},"end":{"line":589,"column":46}},"locations":[{"start":{"line":589,"column":29},"end":{"line":589,"column":46}}]},"57":{"type":"branch","line":597,"loc":{"start":{"line":597,"column":47},"end":{"line":597,"column":54}},"locations":[{"start":{"line":597,"column":47},"end":{"line":597,"column":54}}]},"58":{"type":"branch","line":598,"loc":{"start":{"line":598,"column":25},"end":{"line":598,"column":43}},"locations":[{"start":{"line":598,"column":25},"end":{"line":598,"column":43}}]},"59":{"type":"branch","line":608,"loc":{"start":{"line":608,"column":45},"end":{"line":608,"column":57}},"locations":[{"start":{"line":608,"column":45},"end":{"line":608,"column":57}}]},"60":{"type":"branch","line":609,"loc":{"start":{"line":609,"column":23},"end":{"line":609,"column":41}},"locations":[{"start":{"line":609,"column":23},"end":{"line":609,"column":41}}]},"61":{"type":"branch","line":614,"loc":{"start":{"line":614,"column":16},"end":{"line":614,"column":26}},"locations":[{"start":{"line":614,"column":16},"end":{"line":614,"column":26}}]},"62":{"type":"branch","line":614,"loc":{"start":{"line":614,"column":26},"end":{"line":614,"column":38}},"locations":[{"start":{"line":614,"column":26},"end":{"line":614,"column":38}}]},"63":{"type":"branch","line":625,"loc":{"start":{"line":625,"column":0},"end":{"line":631,"column":1}},"locations":[{"start":{"line":625,"column":0},"end":{"line":631,"column":1}}]},"64":{"type":"branch","line":628,"loc":{"start":{"line":628,"column":43},"end":{"line":628,"column":69}},"locations":[{"start":{"line":628,"column":43},"end":{"line":628,"column":69}}]},"65":{"type":"branch","line":628,"loc":{"start":{"line":628,"column":76},"end":{"line":628,"column":100}},"locations":[{"start":{"line":628,"column":76},"end":{"line":628,"column":100}}]},"66":{"type":"branch","line":629,"loc":{"start":{"line":629,"column":22},"end":{"line":629,"column":58}},"locations":[{"start":{"line":629,"column":22},"end":{"line":629,"column":58}}]},"67":{"type":"branch","line":633,"loc":{"start":{"line":633,"column":0},"end":{"line":637,"column":1}},"locations":[{"start":{"line":633,"column":0},"end":{"line":637,"column":1}}]},"68":{"type":"branch","line":634,"loc":{"start":{"line":634,"column":25},"end":{"line":636,"column":3}},"locations":[{"start":{"line":634,"column":25},"end":{"line":636,"column":3}}]},"69":{"type":"branch","line":639,"loc":{"start":{"line":639,"column":0},"end":{"line":641,"column":1}},"locations":[{"start":{"line":639,"column":0},"end":{"line":641,"column":1}}]},"70":{"type":"branch","line":643,"loc":{"start":{"line":643,"column":0},"end":{"line":649,"column":1}},"locations":[{"start":{"line":643,"column":0},"end":{"line":649,"column":1}}]},"71":{"type":"branch","line":644,"loc":{"start":{"line":644,"column":31},"end":{"line":644,"column":67}},"locations":[{"start":{"line":644,"column":31},"end":{"line":644,"column":67}}]},"72":{"type":"branch","line":644,"loc":{"start":{"line":644,"column":66},"end":{"line":649,"column":1}},"locations":[{"start":{"line":644,"column":66},"end":{"line":649,"column":1}}]},"73":{"type":"branch","line":644,"loc":{"start":{"line":644,"column":66},"end":{"line":645,"column":45}},"locations":[{"start":{"line":644,"column":66},"end":{"line":645,"column":45}}]},"74":{"type":"branch","line":645,"loc":{"start":{"line":645,"column":45},"end":{"line":645,"column":81}},"locations":[{"start":{"line":645,"column":45},"end":{"line":645,"column":81}}]},"75":{"type":"branch","line":645,"loc":{"start":{"line":645,"column":80},"end":{"line":646,"column":30}},"locations":[{"start":{"line":645,"column":80},"end":{"line":646,"column":30}}]},"76":{"type":"branch","line":646,"loc":{"start":{"line":646,"column":30},"end":{"line":646,"column":51}},"locations":[{"start":{"line":646,"column":30},"end":{"line":646,"column":51}}]},"77":{"type":"branch","line":646,"loc":{"start":{"line":646,"column":50},"end":{"line":647,"column":33}},"locations":[{"start":{"line":646,"column":50},"end":{"line":647,"column":33}}]},"78":{"type":"branch","line":647,"loc":{"start":{"line":647,"column":33},"end":{"line":647,"column":57}},"locations":[{"start":{"line":647,"column":33},"end":{"line":647,"column":57}}]},"79":{"type":"branch","line":647,"loc":{"start":{"line":647,"column":56},"end":{"line":649,"column":1}},"locations":[{"start":{"line":647,"column":56},"end":{"line":649,"column":1}}]},"80":{"type":"branch","line":651,"loc":{"start":{"line":651,"column":0},"end":{"line":661,"column":1}},"locations":[{"start":{"line":651,"column":0},"end":{"line":661,"column":1}}]},"81":{"type":"branch","line":652,"loc":{"start":{"line":652,"column":14},"end":{"line":652,"column":82}},"locations":[{"start":{"line":652,"column":14},"end":{"line":652,"column":82}}]},"82":{"type":"branch","line":657,"loc":{"start":{"line":657,"column":36},"end":{"line":659,"column":3}},"locations":[{"start":{"line":657,"column":36},"end":{"line":659,"column":3}}]},"83":{"type":"branch","line":663,"loc":{"start":{"line":663,"column":0},"end":{"line":671,"column":1}},"locations":[{"start":{"line":663,"column":0},"end":{"line":671,"column":1}}]},"84":{"type":"branch","line":692,"loc":{"start":{"line":692,"column":0},"end":{"line":694,"column":1}},"locations":[{"start":{"line":692,"column":0},"end":{"line":694,"column":1}}]},"85":{"type":"branch","line":696,"loc":{"start":{"line":696,"column":0},"end":{"line":702,"column":1}},"locations":[{"start":{"line":696,"column":0},"end":{"line":702,"column":1}}]},"86":{"type":"branch","line":697,"loc":{"start":{"line":697,"column":33},"end":{"line":697,"column":89}},"locations":[{"start":{"line":697,"column":33},"end":{"line":697,"column":89}}]},"87":{"type":"branch","line":699,"loc":{"start":{"line":699,"column":58},"end":{"line":701,"column":3}},"locations":[{"start":{"line":699,"column":58},"end":{"line":701,"column":3}}]},"88":{"type":"branch","line":704,"loc":{"start":{"line":704,"column":0},"end":{"line":708,"column":1}},"locations":[{"start":{"line":704,"column":0},"end":{"line":708,"column":1}}]},"89":{"type":"branch","line":705,"loc":{"start":{"line":705,"column":67},"end":{"line":707,"column":3}},"locations":[{"start":{"line":705,"column":67},"end":{"line":707,"column":3}}]},"90":{"type":"branch","line":710,"loc":{"start":{"line":710,"column":0},"end":{"line":717,"column":1}},"locations":[{"start":{"line":710,"column":0},"end":{"line":717,"column":1}}]},"91":{"type":"branch","line":711,"loc":{"start":{"line":711,"column":30},"end":{"line":711,"column":86}},"locations":[{"start":{"line":711,"column":30},"end":{"line":711,"column":86}}]},"92":{"type":"branch","line":712,"loc":{"start":{"line":712,"column":26},"end":{"line":712,"column":86}},"locations":[{"start":{"line":712,"column":26},"end":{"line":712,"column":86}}]},"93":{"type":"branch","line":713,"loc":{"start":{"line":713,"column":32},"end":{"line":716,"column":3}},"locations":[{"start":{"line":713,"column":32},"end":{"line":716,"column":3}}]},"94":{"type":"branch","line":719,"loc":{"start":{"line":719,"column":0},"end":{"line":728,"column":1}},"locations":[{"start":{"line":719,"column":0},"end":{"line":728,"column":1}}]},"95":{"type":"branch","line":720,"loc":{"start":{"line":720,"column":35},"end":{"line":720,"column":90}},"locations":[{"start":{"line":720,"column":35},"end":{"line":720,"column":90}}]},"96":{"type":"branch","line":721,"loc":{"start":{"line":721,"column":32},"end":{"line":721,"column":91}},"locations":[{"start":{"line":721,"column":32},"end":{"line":721,"column":91}}]},"97":{"type":"branch","line":722,"loc":{"start":{"line":722,"column":34},"end":{"line":727,"column":3}},"locations":[{"start":{"line":722,"column":34},"end":{"line":727,"column":3}}]}},"b":{"0":[0],"1":[25],"2":[0],"3":[0],"4":[3],"5":[4],"6":[2],"7":[2],"8":[2],"9":[0],"10":[0],"11":[0],"12":[4],"13":[1],"14":[0],"15":[3],"16":[1],"17":[4],"18":[0],"19":[0],"20":[3],"21":[0],"22":[0],"23":[0],"24":[0],"25":[0],"26":[0],"27":[4],"28":[0],"29":[0],"30":[0],"31":[0],"32":[0],"33":[0],"34":[2],"35":[0],"36":[2],"37":[0],"38":[2],"39":[0],"40":[4],"41":[1],"42":[1],"43":[3],"44":[2],"45":[0],"46":[2],"47":[0],"48":[2],"49":[2],"50":[2],"51":[4],"52":[0],"53":[0],"54":[0],"55":[0],"56":[1],"57":[0],"58":[0],"59":[0],"60":[0],"61":[2],"62":[0],"63":[1],"64":[0],"65":[0],"66":[0],"67":[10],"68":[0],"69":[17],"70":[25],"71":[20],"72":[18],"73":[5],"74":[0],"75":[5],"76":[0],"77":[5],"78":[0],"79":[5],"80":[18],"81":[0],"82":[0],"83":[19],"84":[20],"85":[35],"86":[0],"87":[0],"88":[11],"89":[0],"90":[4],"91":[0],"92":[0],"93":[0],"94":[3],"95":[0],"96":[0],"97":[1]},"fnMap":{"0":{"name":"handleOperation","decl":{"start":{"line":29,"column":7},"end":{"line":67,"column":1}},"loc":{"start":{"line":29,"column":7},"end":{"line":67,"column":1}},"line":29},"1":{"name":"createVaultHandler","decl":{"start":{"line":69,"column":0},"end":{"line":120,"column":1}},"loc":{"start":{"line":69,"column":0},"end":{"line":120,"column":1}},"line":69},"2":{"name":"createTeamVaultHandler","decl":{"start":{"line":122,"column":0},"end":{"line":175,"column":1}},"loc":{"start":{"line":122,"column":0},"end":{"line":175,"column":1}},"line":122},"3":{"name":"inviteToVaultHandler","decl":{"start":{"line":177,"column":0},"end":{"line":213,"column":1}},"loc":{"start":{"line":177,"column":0},"end":{"line":213,"column":1}},"line":177},"4":{"name":"acceptInviteHandler","decl":{"start":{"line":215,"column":0},"end":{"line":247,"column":1}},"loc":{"start":{"line":215,"column":0},"end":{"line":247,"column":1}},"line":215},"5":{"name":"getPendingInvitesHandler","decl":{"start":{"line":249,"column":0},"end":{"line":273,"column":1}},"loc":{"start":{"line":249,"column":0},"end":{"line":273,"column":1}},"line":249},"6":{"name":"removeMemberHandler","decl":{"start":{"line":275,"column":0},"end":{"line":309,"column":1}},"loc":{"start":{"line":275,"column":0},"end":{"line":309,"column":1}},"line":275},"7":{"name":"revokeInviteHandler","decl":{"start":{"line":311,"column":0},"end":{"line":345,"column":1}},"loc":{"start":{"line":311,"column":0},"end":{"line":345,"column":1}},"line":311},"8":{"name":"updateVaultManifestHandler","decl":{"start":{"line":347,"column":0},"end":{"line":430,"column":1}},"loc":{"start":{"line":347,"column":0},"end":{"line":430,"column":1}},"line":347},"9":{"name":"listVaultURITokensHandler","decl":{"start":{"line":432,"column":0},"end":{"line":451,"column":1}},"loc":{"start":{"line":432,"column":0},"end":{"line":451,"column":1}},"line":432},"10":{"name":"revokeVaultHandler","decl":{"start":{"line":453,"column":0},"end":{"line":505,"column":1}},"loc":{"start":{"line":453,"column":0},"end":{"line":505,"column":1}},"line":453},"11":{"name":"addEntryHandler","decl":{"start":{"line":507,"column":0},"end":{"line":577,"column":1}},"loc":{"start":{"line":507,"column":0},"end":{"line":577,"column":1}},"line":507},"12":{"name":"getEntryHandler","decl":{"start":{"line":579,"column":0},"end":{"line":623,"column":1}},"loc":{"start":{"line":579,"column":0},"end":{"line":623,"column":1}},"line":579},"13":{"name":"getMyVaultsHandler","decl":{"start":{"line":625,"column":0},"end":{"line":631,"column":1}},"loc":{"start":{"line":625,"column":0},"end":{"line":631,"column":1}},"line":625},"14":{"name":"ensureTeamModeEnabled","decl":{"start":{"line":633,"column":0},"end":{"line":637,"column":1}},"loc":{"start":{"line":633,"column":0},"end":{"line":637,"column":1}},"line":633},"15":{"name":"persistState","decl":{"start":{"line":639,"column":0},"end":{"line":641,"column":1}},"loc":{"start":{"line":639,"column":0},"end":{"line":641,"column":1}},"line":639},"16":{"name":"resolveRoundKey","decl":{"start":{"line":643,"column":0},"end":{"line":649,"column":1}},"loc":{"start":{"line":643,"column":0},"end":{"line":649,"column":1}},"line":643},"17":{"name":"enforceRateLimit","decl":{"start":{"line":651,"column":0},"end":{"line":661,"column":1}},"loc":{"start":{"line":651,"column":0},"end":{"line":661,"column":1}},"line":651},"18":{"name":"auditLog","decl":{"start":{"line":663,"column":0},"end":{"line":671,"column":1}},"loc":{"start":{"line":663,"column":0},"end":{"line":671,"column":1}},"line":663},"19":{"name":"runContract","decl":{"start":{"line":673,"column":7},"end":{"line":690,"column":1}},"loc":{"start":{"line":673,"column":7},"end":{"line":690,"column":1}},"line":673},"20":{"name":"success","decl":{"start":{"line":692,"column":0},"end":{"line":694,"column":1}},"loc":{"start":{"line":692,"column":0},"end":{"line":694,"column":1}},"line":692},"21":{"name":"assertString","decl":{"start":{"line":696,"column":0},"end":{"line":702,"column":1}},"loc":{"s
[...]
},"end":{"line":341,"column":3}},"341":{"start":{"line":342,"column":0},"end":{"line":342,"column":1}},"342":{"start":{"line":343,"column":0},"end":{"line":343,"column":0}},"343":{"start":{"line":344,"column":0},"end":{"line":344,"column":43}},"344":{"start":{"line":345,"column":0},"end":{"line":345,"column":35}},"345":{"start":{"line":346,"column":0},"end":{"line":346,"column":20}},"346":{"start":{"line":347,"column":0},"end":{"line":347,"column":15}},"347":{"start":{"line":348,"column":0},"end":{"line":348,"column":1}},"348":{"start":{"line":349,"column":0},"end":{"line":349,"column":0}},"349":{"start":{"line":350,"column":0},"end":{"line":350,"column":28}},"350":{"start":{"line":351,"column":0},"end":{"line":351,"column":41}},"351":{"start":{"line":352,"column":0},"end":{"line":352,"column":1}},"352":{"start":{"line":353,"column":0},"end":{"line":353,"column":0}},"353":{"start":{"line":354,"column":0},"end":{"line":354,"column":28}},"354":{"start":{"line":355,"column":0},"end":{"line":355,"column":44}},"355":{"start":{"line":356,"column":0},"end":{"line":356,"column":1}},"356":{"start":{"line":357,"column":0},"end":{"line":357,"column":0}},"357":{"start":{"line":358,"column":0},"end":{"line":358,"column":26}},"358":{"start":{"line":359,"column":0},"end":{"line":359,"column":49}},"359":{"start":{"line":360,"column":0},"end":{"line":360,"column":1}},"360":{"start":{"line":361,"column":0},"end":{"line":361,"column":0}},"361":{"start":{"line":362,"column":0},"end":{"line":362,"column":31}},"362":{"start":{"line":363,"column":0},"end":{"line":363,"column":47}},"363":{"start":{"line":364,"column":0},"end":{"line":364,"column":1}}},"s":{"0":1,"1":1,"2":1,"3":1,"4":1,"5":1,"6":1,"7":1,"8":1,"9":1,"10":1,"11":1,"12":1,"13":1,"14":1,"15":1,"16":1,"17":1,"18":1,"19":1,"20":1,"21":1,"22":1,"23":1,"24":1,"25":2,"26":2,"27":2,"28":2,"29":2,"30":0,"31":0,"32":0,"33":0,"34":0,"35":0,"36":0,"37":0,"38":0,"39":0,"40":0,"41":0,"42":2,"43":2,"44":2,"45":2,"46":2,"47":2,"48":2,"49":2,"50":2,"51":2,"52":2,"53":2,"54":2,"55":1,"56":1,"57":1,"58":1,"59":1,"60":1,"61":1,"62":1,"63":1,"64":5,"65":5,"66":5,"67":5,"68":5,"69":5,"70":5,"71":5,"72":5,"73":5,"74":5,"75":5,"76":5,"77":5,"78":5,"79":5,"80":5,"81":5,"82":5,"83":5,"84":5,"85":5,"86":5,"87":5,"88":5,"89":5,"90":1,"91":1,"92":1,"93":1,"94":1,"95":1,"96":1,"97":2,"98":2,"99":1,"100":1,"101":1,"102":1,"103":1,"104":1,"105":1,"106":1,"107":1,"108":1,"109":1,"110":1,"111":3,"112":3,"113":3,"114":3,"115":3,"116":3,"117":1,"118":1,"119":1,"120":1,"121":1,"122":1,"123":1,"124":1,"125":1,"126":1,"127":1,"128":1,"129":1,"130":1,"131":1,"132":1,"133":1,"134":1,"135":1,"136":4,"137":4,"138":4,"139":4,"140":4,"141":4,"142":4,"143":0,"144":0,"145":4,"146":4,"147":4,"148":4,"149":4,"150":0,"151":0,"152":4,"153":4,"154":4,"155":4,"156":4,"157":2,"158":0,"159":0,"160":2,"161":2,"162":2,"163":2,"164":2,"165":2,"166":2,"167":2,"168":2,"169":2,"170":2,"171":2,"172":2,"173":4,"174":4,"175":4,"176":4,"177":4,"178":4,"179":4,"180":4,"181":4,"182":4,"183":4,"184":4,"185":4,"186":4,"187":4,"188":4,"189":2,"190":2,"191":4,"192":4,"193":1,"194":1,"195":1,"196":1,"197":1,"198":1,"199":1,"200":16,"201":16,"202":1,"203":1,"204":1,"205":1,"206":1,"207":1,"208":1,"209":1,"210":1,"211":2,"212":0,"213":0,"214":2,"215":2,"216":2,"217":2,"218":1,"219":3,"220":3,"221":3,"222":3,"223":3,"224":3,"225":3,"226":3,"227":3,"228":3,"229":3,"230":3,"231":3,"232":3,"233":3,"234":3,"235":3,"236":3,"237":3,"238":3,"239":3,"240":3,"241":3,"242":3,"243":3,"244":1,"245":3,"246":3,"247":1,"248":1,"249":1,"250":1,"251":1,"252":1,"253":1,"254":1,"255":1,"256":1,"257":1,"258":1,"259":1,"260":2,"261":2,"262":2,"263":2,"264":2,"265":2,"266":2,"267":2,"268":2,"269":2,"270":2,"271":2,"272":2,"273":2,"274":0,"275":0,"276":0,"277":0,"278":0,"279":0,"280":1,"281":3,"282":3,"283":3,"284":3,"285":3,"286":3,"287":3,"288":3,"289":3,"290":3,"291":1,"292":4,"293":4,"294":4,"295":4,"296":4,"297":4,"298":4,"299":1,"300":14,"301":14,"302":14,"303":14,"304":14,"305":0,"306":0,"307":1,"308":25,"309":25,"310":25,"311":0,"312":0,"313":1,"314":2,"315":2,"316":2,"317":1,"318":11,"319":11,"320":0,"321":0,"322":11,"323":1,"324":12,"325":12,"326":0,"327":0,"328":12,"329":1,"330":2,"331":2,"332":2,"333":0,"334":0,"335":2,"336":1,"337":11,"338":11,"339":0,"340":0,"341":11,"342":1,"343":0,"344":0,"345":0,"346":0,"347":0,"348":1,"349":20,"350":20,"351":20,"352":1,"353":3,"354":3,"355":3,"356":1,"357":5,"358":5,"359":5,"360":1,"361":31,"362":31,"363":31},"branchMap":{"0":{"type":"branch","line":25,"loc":{"start":{"line":25,"column":7},"end":{"line":55,"column":1}},"locations":[{"start":{"line":25,"column":7},"end":{"line":55,"column":1}}]},"1":{"type":"branch","line":30,"loc":{"start":{"line":30,"column":19},"end":{"line":42,"column":3}},"locations":[{"start":{"line":30,"column":19},"end":{"line":42,"column":3}}]},"2":{"type":"branch","line":64,"loc":{"start":{"line":64,"column":7},"end":{"line":90,"column":1}},"locations":[{"start":{"line":64,"column":7},"end":{"line":90,"column":1}}]},"3":{"type":"branch","line":97,"loc":{"start":{"line":97,"column":7},"end":{"line":99,"column":1}},"locations":[{"start":{"line":97,"column":7},"end":{"line":99,"column":1}}]},"4":{"type":"branch","line":111,"loc":{"start":{"line":111,"column":7},"end":{"line":117,"column":1}},"locations":[{"start":{"line":111,"column":7},"end":{"line":117,"column":1}}]},"5":{"type":"branch","line":136,"loc":{"start":{"line":136,"column":7},"end":{"line":193,"column":1}},"locations":[{"start":{"line":136,"column":7},"end":{"line":193,"column":1}}]},"6":{"type":"branch","line":143,"loc":{"start":{"line":143,"column":32},"end":{"line":143,"column":56}},"locations":[{"start":{"line":143,"column":32},"end":{"line":143,"column":56}}]},"7":{"type":"branch","line":143,"loc":{"start":{"line":143,"column":58},"end":{"line":145,"column":3}},"locations":[{"start":{"line":143,"column":58},"end":{"line":145,"column":3}}]},"8":{"type":"branch","line":150,"loc":{"start":{"line":150,"column":30},"end":{"line":152,"column":3}},"locations":[{"start":{"line":150,"column":30},"end":{"line":152,"column":3}}]},"9":{"type":"branch","line":157,"loc":{"start":{"line":157,"column":28},"end":{"line":173,"column":3}},"locations":[{"start":{"line":157,"column":28},"end":{"line":173,"column":3}}]},"10":{"type":"branch","line":158,"loc":{"start":{"line":158,"column":77},"end":{"line":160,"column":5}},"locations":[{"start":{"line":158,"column":77},"end":{"line":160,"column":5}}]},"11":{"type":"branch","line":189,"loc":{"start":{"line":189,"column":17},"end":{"line":189,"column":43}},"locations":[{"start":{"line":189,"column":17},"end":{"line":189,"column":43}}]},"12":{"type":"branch","line":189,"loc":{"start":{"line":189,"column":45},"end":{"line":191,"column":3}},"locations":[{"start":{"line":189,"column":45},"end":{"line":191,"column":3}}]},"13":{"type":"branch","line":200,"loc":{"start":{"line":200,"column":7},"end":{"line":202,"column":1}},"locations":[{"start":{"line":200,"column":7},"end":{"line":202,"column":1}}]},"14":{"type":"branch","line":211,"loc":{"start":{"line":211,"column":7},"end":{"line":218,"column":1}},"locations":[{"start":{"line":211,"column":7},"end":{"line":218,"column":1}}]},"15":{"type":"branch","line":212,"loc":{"start":{"line":212,"column":89},"end":{"line":214,"column":3}},"locations":[{"start":{"line":212,"column":89},"end":{"line":214,"column":3}}]},"16":{"type":"branch","line":216,"loc":{"start":{"line":216,"column":40},"end":{"line":216,"column":60}},"locations":[{"start":{"line":216,"column":40},"end":{"line":216,"column":60}}]},"17":{"type":"branch","line":220,"loc":{"start":{"line":220,"column":0},"end":{"line":244,"column":1}},"locations":[{"start":{"line":220,"column":0},"end":{"line":244,"column":1}}]},"18":{"type":"branch","line":246,"loc":{"start":{"line":246,"column":0},"end":{"line":280,"column":1}},"locations":[{"start":{"line":246,"column":0},"end":{"line":280,"column":1}}]},"19":{"type":"branch","line":247,"loc":{"start":{"line":247,"column":58},"end":{"line":260,"column":3}},"locations":[{"start":{"line":247,"column":58},"end":{"line":260,"column":3}}]},"20":{"type":"branch","line":260,"loc":{"start":{"line":260,"column":2},"end":{"line":280,"column":1}},"locations":[{"start":{"line":260,"column":2},"end":{"line":280,"column":1}}]},"21":{"type":"branch","line":274,"loc":{"start":{"line":274,"column":2},"end":{"line":280,"column":1}},"locations":[{"start":{"line":274,"column":2},"end":{"line":280,"column":1}}]},"22":{"type":"branch","line":282,"loc":{"start":{"line":282,"column":0},"end":{"line":291,"column":1}},"locations":[{"start":{"line":282,"column":0},"end":{"line":291,"column":1}}]},"23":{"type":"branch","line":293,"loc":{"start":{"line":293,"column":0},"end":{"line":299,"column":1}},"locations":[{"start":{"line":293,"column":0},"end":{"line":299,"column":1}}]},"24":{"type":"branch","line":301,"loc":{"start":{"line":301,"column":0},"end":{"line":307,"column":1}},"locations":[{"start":{"line":301,"column":0},"end":{"line":307,"column":1}}]},"25":{"type":"branch","line":305,"loc":{"start":{"line":305,"column":2},"end":{"line":307,"column":1}},"locations":[{"start":{"line":305,"column":2},"end":{"line":307,"column":1}}]},"26":{"type":"branch","line":309,"loc":{"start":{"line":309,"column":0},"end":{"line":313,"column":1}},"locations":[{"start":{"line":309,"column":0},"end":{"line":313,"column":1}}]},"27":{"type":"branch","line":310,"loc":{"start":{"line":310,"column":94},"end":{"line":311,"column":27}},"locations":[{"start":{"line":310,"column":94},"end":{"line":311,"column":27}}]},"28":{"type":"branch","line":311,"loc":{"start":{"line":311,"column":29},"end":{"line":313,"column":1}},"locations":[{"start":{"line":311,"column":29},"end":{"line":313,"column":1}}]},"29":{"type":"branch","line":315,"loc":{"start":{"line":315,"column":0},"end":{"line":317,"column":1}},"locations":[{"start":{"line":315,"column":0},"end":{"line":317,"column":1}}]},"30":{"type":"branch","line":316,"loc":{"start":{"line":316,"column":38},"end":{"line":316,"column":80}},"locations":[{"start":{"line":316,"column":38},"end":{"line":316,"column":80}}]},"31":{"type":"branch","line":319,"loc":{"start":{"line":319,"column":0},"end":{"line":323,"column":1}},"locations":[{"start":{"line":319,"column":0},"end":{"line":323,"column":1}}]},"32":{"type":"branch","line":320,"loc":{"start":{"line":320,"column":67},"end":{"line":322,"column":3}},"locations":[{"start":{"line":320,"column":67},"end":{"line":322,"column":3}}]},"33":{"type":"branch","line":325,"loc":{"start":{"line":325,"column":0},"end":{"line":329,"column":1}},"locations":[{"start":{"line":325,"column":0},"end":{"line":329,"column":1}}]},"34":{"type":"branch","line":326,"loc":{"start":{"line":326,"column":73},"end":{"line":328,"column":3}},"locations":[{"start":{"line":326,"column":73},"end":{"line":328,"column":3}}]},"35":{"type":"branch","line":331,"loc":{"start":{"line":331,"column":0},"end":{"line":336,"column":1}},"locations":[{"start":{"line":331,"column":0},"end":{"line":336,"column":1}}]},"36":{"type":"branch","line":333,"loc":{"start":{"line":333,"column":56},"end":{"line":335,"column":3}},"locations":[{"start":{"line":333,"column":56},"end":{"line":335,"column":3}}]},"37":{"type":"branch","line":338,"loc":{"start":{"line":338,"column":0},"end":{"line":342,"column":1}},"locations":[{"start":{"line":338,"column":0},"end":{"line":342,"column":1}}]},"38":{"type":"branch","line":339,"loc":{"start":{"line":339,"column":62},"end":{"line":341,"column":3}},"locations":[{"start":{"line":339,"column":62},"end":{"line":341,"column":3}}]},"39":{"type":"branch","line":350,"loc":{"start":{"line":350,"column":0},"end":{"line":352,"column":1}},"locations":[{"start":{"line":350,"column":0},"end":{"line":352,"column":1}}]},"40":{"type":"branch","line":354,"loc":{"start":{"line":354,"column":0},"end":{"line":356,"column":1}},"locations":[{"start":{"line":354,"column":0},"end":{"line":356,"column":1}}]},"41":{"type":"branch","line":358,"loc":{"start":{"line":358,"column":0},"end":{"line":360,"column":1}},"locations":[{"start":{"line":358,"column":0},"end":{"line":360,"column":1}}]},"42":{"type":"branch","line":362,"loc":{"start":{"line":362,"column":0},"end":{"line":364,"column":1}},"locations":[{"start":{"line":362,"column":0},"end":{"line":364,"column":1}}]}},"b":{"0":[2],"1":[0],"2":[5],"3":[2],"4":[3],"5":[4],"6":[2],"7":[0],"8":[0],"9":[2],"10":[0],"11":[2],"12":[2],"13":[16],"14":[2],"15":[0],"16":[64],"17":[3],"18":[3],"19":[1],"20":[2],"21":[0],"22":[3],"23":[4],"24":[14],"25":[0],"26":[25],"27":[0],"28":[0],"29":[2],"30":[0],"31":[11],"32":[0],"33":[12],"34":[0],"35":[2],"36":[0],"37":[11],"38":[0],"39":[20],"40":[3],"41":[5],"42":[31]},"fnMap":{"0":{"name":"deriveRootKey","decl":{"start":{"line":25,"column":7},"end":{"line":55,"column":1}},"loc":{"start":{"line":25,"column":7},"end":{"line":55,"column":1}},"line":25},"1":{"name":"encryptEntry","decl":{"start":{"line":64,"column":7},"end":{"line":90,"column":1}},"loc":{"start":{"line":64,"column":7},"end":{"line":90,"column":1}},"line":64},"2":{"name":"generateEntryKey","decl":{"start":{"line":97,"column":7},"end":{"line":99,"column":1}},"loc":{"start":{"line":97,"column":7},"end":{"line":99,"column":1}},"line":97},"3":{"name":"wrapKeyForUser","decl":{"start":{"line":111,"column":7},"end":{"line":117,"column":1}},"loc":{"start":{"line":111,"column":7},"end":{"line":117,"column":1}},"line":111},"4":{"name":"prepareEntryPayload","decl":{"start":{"line":136,"column":7},"end":{"line":193,"column":1}},"loc":{"start":{"line":136,"column":7},"end":{"line":193,"column":1}},"line":136},"5":{"name":"zeroize","decl":{"start":{"line":200,"column":7},"end":{"line":202,"column":1}},"loc":{"start":{"line":200,"column":7},"end":{"line":202,"column":1}},"line":200},"6":{"name":"constantTimeEqual","decl":{"start":{"line":211,"column":7},"end":{"line":218,"column":1}},"loc":{"start":{"line":211,"column":7},"end":{"line":218,"column":1}},"line":211},"7":{"name":"buildWrappedEnvelope","decl":{"start":{"line":220,"column":0},"end":{"line":244,"column":1}},"loc":{"start":{"line":220,"column":0},"end":{"line":244,"column":1}},"line":220},"8":{"name":"deriveSharedSecret","decl":{"start":{"line":246,"column":0},"end":{"line":280,"column":1}},"loc":{"start":{"line":246,"column":0},"end":{"line":280,"column":1}},"line":246},"9":{"name":"deriveHkdfKey","decl":{"start":{"line":282,"column":0},"end":{"line":291,"column":1}},"loc":{"start":{"line":282,"column":0},"end":{"line":291,"column":1}},"line":282},"10":{"name":"extractEntryMetadata","decl":{"start":{"line":293,"column":0},"end":{"line":299,"column":1}},"loc":{"start":{"line":293,"column":0},"end":{"line":299,"column":1}},"line":293},"11":{"name":"randomBytes","decl":{"start":{"line":301,"column":0},"end":{"line":307,"column":1}},"loc":{"start":{"line":301,"column":0},"end":{"line":307,"column":1}},"line":301},"12":{"name":"getCryptoApi","decl":{"start":{"line":309,"column":0},"end":{"line":313,"column":1}},"loc":{"start":{"line":309,"column":0},"end":{"line":313,"column":1}},"line":309},"13":{"name":"isBrowser","decl":{"start":{"line":315,"column":0},"end":{"line":317,"column":1}},"loc":{"start":{"line":315,"column":0},"end":{"line":317,"column":1}},"line":315},"14":{"name":"assertObject","decl":{"start":{"line":319,"column":0},"end":{"line":323,"column":1}},"loc":{"start":{"line":319,"column":0},"end":{"line":323,"column":1}},"line":319},"15":{"name":"assertBytes","decl":{"start":{"line":325,"column":0},"end":{"line":329,"column":1}},"loc":{"start":{"line":325,"column":0},"end":{"line":329,"column":1}},"line":325},"16":{"name":"assertHex","decl":{"start":{"line":331,"column":0},"end":{"line":336,"column":1}},"loc":{"start":{"line":331,"column":0},"end":{"line":336,"column":1}},"line":331},"17":{"name":"assertNonEmptyString","decl":{"start":{"line":338,"column":0},"end":{"line":342,"column":1}},"loc":{"start":{"line":338,"column":0},"end":{"line":342,"column":1}},"line":338},"18":{"name":"createCryptoError","decl":{"start":{"line":344,"column":0},"end":{"line":348,"column":1}},"loc":{"start":{"line":344,"column":0},"end":{"line":348,"column":1}},"line":344},"19":{"name":"encodeUtf8","decl":{"start":{"line":350,"column":0},"end":{"line":352,"column":1}},"loc":{"start":{"line":350,"column":0},"end":{"line":352,"column":1}},"line":350},"20":{"name":"bytesToHex","decl":{"start":{"line":354,"column":0},"end":{"line":356,"column":1}},"loc":{"start":{"line":354,"column":0},"end":{"line":356,"column":1}},"line":354},"21":{"name":"hexToBytes","decl":{"start":{"line":358,"column":0},"end":{"line":360,"column":1}},"loc":{"start":{"line":358,"column":0},"end":{"line":360,"column":1}},"line":358},"22":{"name":"bytesToBase64","decl":{"start":{"line":362,"column":0},"end":{"line":364,"column":1}},"loc":{"start":{"line":362,"column":0},"end":{"line":364,"column":1}},"line":362}},"f":{"0":2,"1":5,"2":2,"3":3,"4":4,"5":16,"6":2,"7":3,"8":3,"9":3,"10":4,"11":14,"12":25,"13":2,"14":11,"15":12,"16":2,"17":11,"18":0,"19":20,"20":3,"21":5,"22":31}}
,"/Users/michaelwood/Repos/xpass/src/crypto/xrplPubkey.js": {"path":"/Users/michaelwood/Repos/xpass/src/crypto/xrplPubkey.js","all":true,"statementMap":{"0":{"start":{"line":1,"column":0},"end":{"line":1,"column":45}},"1":{"start":{"line":2,"column":0},"end":{"line":2,"column":0}},"2":{"start":{"line":3,"column":0},"end":{"line":3,"column":3}},"3":{"start":{"line":4,"column":0},"end":{"line":4,"column":68}},"4":{"start":{"line":5,"column":0},"end":{"line":5,"column":64}},"5":{"start":{"line":6,"column":0},"end":{"line":6,"column":2}},"6":{"start":{"line":7,"column":0},"end":{"line":7,"column":26}},"7":{"start":{"line":8,"column":0},"end":{"line":8,"column":44}},"8":{"start":{"line":9,"column":0},"end":{"line":9,"column":34}},"9":{"start":{"line":10,"column":0},"end":{"line":10,"column":3}},"10":{"start":{"line":11,"column":0},"end":{"line":11,"column":68}},"11":{"start":{"line":12,"column":0},"end":{"line":12,"column":40}},"12":{"start":{"line":13,"column":0},"end":{"line":13,"column":56}},"13":{"start":{"line":14,"column":0},"end":{"line":14,"column":35}},"14":{"start":{"line":15,"column":0},"end":{"line":15,"column":16}},"15":{"start":{"line":16,"column":0},"end":{"line":16,"column":3}},"16":{"start":{"line":17,"column":0},"end":{"line":17,"column":64}},"17":{"start":{"line":18,"column":0},"end":{"line":18,"column":70}},"18":{"start":{"line":19,"column":0},"end":{"line":19,"column":34}},"19":{"start":{"line":20,"column":0},"end":{"line":20,"column":16}},"20":{"start":{"line":21,"column":0},"end":{"line":21,"column":3}},"21":{"start":{"line":22,"column":0},"end":{"line":22,"column":0}},"22":{"start":{"line":23,"column":0},"end":{"line":23,"column":45}},"23":{"start":{"line":24,"column":0},"end":{"line":24,"column":28}},"24":{"start":{"line":25,"column":0},"end":{"line":25,"column":21}},"25":{"start":{"line":26,"column":0},"end":{"line":26,"column":29}},"26":{"start":{"line":27,"column":0},"end":{"line":27,"column":5}},"27":{"start":{"line":28,"column":0},"end":{"line":28,"column":0}},"28":{"start":{"line":29,"column":0},"end":{"line":29,"column":71}},"29":{"start":{"line":30,"column":0},"end":{"line":30,"column":50}},"30":{"start":{"line":31,"column":0},"end":{"line":31,"column":16}},"31":{"start":{"line":32,"column":0},"end":{"line":32,"column":1}}},"s":{"0":0,"1":0,"2":0,"3":0,"4":0,"5":0,"6":0,"7":0,"8":0,"9":0,"10":0,"11":0,"12":0,"13":0,"14":0,"15":0,"16":0,"17":0,"18":0,"19":0,"20":0,"21":0,"22":0,"23":0,"24":0,"25":0,"26":0,"27":0,"28":0,"29":0,"30":0,"31":0},"branchMap":{"0":{"type":"branch","line":1,"loc":{"start":{"line":1,"column":0},"end":{"line":32,"column":1}},"locations":[{"start":{"line":1,"column":0},"end":{"line":32,"column":1}}]}},"b":{"0":[0]},"fnMap":{"0":{"name":"(empty-report)","decl":{"start":{"line":1,"column":0},"end":{"line":32,"column":1}},"loc":{"start":{"line":1,"column":0},"end":{"line":32,"column":1}},"line":1}},"f":{"0":0}}
}
