TN:
SF:src/contract/index.js
FN:29,handleOperation
FN:69,createVaultHandler
FN:122,createTeamVaultHandler
FN:177,inviteToVaultHandler
FN:215,acceptInviteHandler
FN:249,getPendingInvitesHandler
FN:275,removeMemberHandler
FN:311,revokeInviteHandler
FN:347,updateVaultManifestHandler
FN:432,listVaultURITokensHandler
FN:453,revokeVaultHandler
FN:507,addEntryHandler
FN:579,getEntryHandler
FN:625,getMyVaultsHandler
FN:633,ensureTeamModeEnabled
FN:639,persistState
FN:643,resolveRoundKey
FN:651,enforceRateLimit
FN:663,auditLog
FN:673,runContract
FN:692,success
FN:696,assertString
FN:704,assertObject
FN:710,validateAddressArray
FN:719,validateWrappedKeys
FNF:25
FNH:20
FNDA:25,handleOperation
FNDA:3,createVaultHandler
FNDA:4,createTeamVaultHandler
FNDA:2,inviteToVaultHandler
FNDA:2,acceptInviteHandler
FNDA:0,getPendingInvitesHandler
FNDA:2,removeMemberHandler
FNDA:0,revokeInviteHandler
FNDA:0,updateVaultManifestHandler
FNDA:0,listVaultURITokensHandler
FNDA:4,revokeVaultHandler
FNDA:3,addEntryHandler
FNDA:4,getEntryHandler
FNDA:1,getMyVaultsHandler
FNDA:10,ensureTeamModeEnabled
FNDA:17,persistState
FNDA:25,resolveRoundKey
FNDA:18,enforceRateLimit
FNDA:19,auditLog
FNDA:0,runContract
FNDA:20,success
FNDA:35,assertString
FNDA:11,assertObject
FNDA:4,validateAddressArray
FNDA:3,validateWrappedKeys
DA:1,1
DA:2,1
DA:3,1
DA:4,1
DA:5,1
DA:6,1
DA:7,1
DA:8,1
DA:9,1
DA:10,1
DA:11,1
DA:12,1
DA:13,1
DA:14,1
DA:15,1
DA:16,1
DA:17,1
DA:18,1
DA:19,1
DA:20,1
DA:21,1
DA:22,1
DA:23,1
DA:24,1
DA:25,1
DA:26,1
DA:27,1
DA:28,1
DA:29,1
DA:30,25
DA:31,25
DA:32,25
DA:33,25
DA:34,25
DA:35,25
DA:36,25
DA:37,3
DA:38,25
DA:39,4
DA:40,25
DA:41,2
DA:42,25
DA:43,2
DA:44,25
DA:45,2
DA:46,25
DA:47,0
DA:48,25
DA:49,0
DA:50,25
DA:51,0
DA:52,25
DA:53,4
DA:54,25
DA:55,0
DA:56,25
DA:57,3
DA:58,25
DA:59,1
DA:60,25
DA:61,4
DA:62,25
DA:63,0
DA:64,25
DA:65,0
DA:66,25
DA:67,25
DA:68,1
DA:69,3
DA:70,3
DA:71,3
DA:72,0
DA:73,0
DA:74,3
DA:75,0
DA:76,0
DA:77,3
DA:78,3
DA:79,3
DA:80,3
DA:81,3
DA:82,3
DA:83,3
DA:84,3
DA:85,3
DA:86,3
DA:87,3
DA:88,3
DA:89,3
DA:90,3
DA:91,3
DA:92,3
DA:93,3
DA:94,3
DA:95,3
DA:96,3
DA:97,3
DA:98,3
DA:99,3
DA:100,3
DA:101,3
DA:102,3
DA:103,3
DA:104,3
DA:105,3
DA:106,3
DA:107,3
DA:108,3
DA:109,3
DA:110,3
DA:111,3
DA:112,3
DA:113,3
DA:114,3
DA:115,3
DA:116,3
DA:117,3
DA:118,3
DA:119,3
DA:120,3
DA:121,1
DA:122,4
DA:123,4
DA:124,4
DA:125,4
DA:126,4
DA:127,4
DA:128,4
DA:129,4
DA:130,4
DA:131,4
DA:132,4
DA:133,4
DA:134,4
DA:135,4
DA:136,4
DA:137,4
DA:138,4
DA:139,4
DA:140,4
DA:141,4
DA:142,4
DA:143,4
DA:144,4
DA:145,4
DA:146,4
DA:147,4
DA:148,4
DA:149,4
DA:150,4
DA:151,4
DA:152,4
DA:153,4
DA:154,4
DA:155,4
DA:156,4
DA:157,4
DA:158,4
DA:159,4
DA:160,4
DA:161,4
DA:162,4
DA:163,4
DA:164,4
DA:165,4
DA:166,4
DA:167,4
DA:168,4
DA:169,4
DA:170,4
DA:171,4
DA:172,4
DA:173,4
DA:174,4
DA:175,4
DA:176,1
DA:177,2
DA:178,2
DA:179,2
DA:180,2
DA:181,2
DA:182,2
DA:183,2
DA:184,2
DA:185,2
DA:186,2
DA:187,2
DA:188,2
DA:189,2
DA:190,2
DA:191,2
DA:192,2
DA:193,2
DA:194,2
DA:195,2
DA:196,2
DA:197,2
DA:198,2
DA:199,2
DA:200,2
DA:201,2
DA:202,2
DA:203,2
DA:204,2
DA:205,2
DA:206,2
DA:207,2
DA:208,2
DA:209,2
DA:210,2
DA:211,2
DA:212,2
DA:213,2
DA:214,1
DA:215,2
DA:216,2
DA:217,2
DA:218,2
DA:219,2
DA:220,2
DA:221,2
DA:222,2
DA:223,2
DA:224,2
DA:225,2
DA:226,2
DA:227,2
DA:228,2
DA:229,2
DA:230,2
DA:231,2
DA:232,2
DA:233,2
DA:234,2
DA:235,2
DA:236,2
DA:237,2
DA:238,2
DA:239,2
DA:240,2
DA:241,2
DA:242,2
DA:243,2
DA:244,2
DA:245,2
DA:246,2
DA:247,2
DA:248,1
DA:249,0
DA:250,0
DA:251,0
DA:252,0
DA:253,0
DA:254,0
DA:255,0
DA:256,0
DA:257,0
DA:258,0
DA:259,0
DA:260,0
DA:261,0
DA:262,0
DA:263,0
DA:264,0
DA:265,0
DA:266,0
DA:267,0
DA:268,0
DA:269,0
DA:270,0
DA:271,0
DA:272,0
DA:273,0
DA:274,1
DA:275,2
DA:276,2
DA:277,2
DA:278,2
DA:279,2
DA:280,2
DA:281,2
DA:282,2
DA:283,2
DA:284,2
DA:285,2
DA:286,2
DA:287,2
DA:288,2
DA:289,2
DA:290,2
DA:291,2
DA:292,2
DA:293,2
DA:294,2
DA:295,2
DA:296,2
DA:297,2
DA:298,2
DA:299,2
DA:300,2
DA:301,2
DA:302,2
DA:303,2
DA:304,2
DA:305,2
DA:306,2
DA:307,2
DA:308,2
DA:309,2
DA:310,1
DA:311,0
DA:312,0
DA:313,0
DA:314,0
DA:315,0
DA:316,0
DA:317,0
DA:318,0
DA:319,0
DA:320,0
DA:321,0
DA:322,0
DA:323,0
DA:324,0
DA:325,0
DA:326,0
DA:327,0
DA:328,0
DA:329,0
DA:330,0
DA:331,0
DA:332,0
DA:333,0
DA:334,0
DA:335,0
DA:336,0
DA:337,0
DA:338,0
DA:339,0
DA:340,0
DA:341,0
DA:342,0
DA:343,0
DA:344,0
DA:345,0
DA:346,1
DA:347,0
DA:348,0
DA:349,0
DA:350,0
DA:351,0
DA:352,0
DA:353,0
DA:354,0
DA:355,0
DA:356,0
DA:357,0
DA:358,0
DA:359,0
DA:360,0
DA:361,0
DA:362,0
DA:363,0
DA:364,0
DA:365,0
DA:366,0
DA:367,0
DA:368,0
DA:369,0
DA:370,0
DA:371,0
DA:372,0
DA:373,0
DA:374,0
DA:375,0
DA:376,0
DA:377,0
DA:378,0
DA:379,0
DA:380,0
DA:381,0
DA:382,0
DA:383,0
DA:384,0
DA:385,0
DA:386,0
DA:387,0
DA:388,0
DA:389,0
DA:390,0
DA:391,0
DA:392,0
DA:393,0
DA:394,0
DA:395,0
DA:396,0
DA:397,0
DA:398,0
DA:399,0
DA:400,0
DA:401,0
DA:402,0
DA:403,0
DA:404,0
DA:405,0
DA:406,0
DA:407,0
DA:408,0
DA:409,0
DA:410,0
DA:411,0
DA:412,0
DA:413,0
DA:414,0
DA:415,0
DA:416,0
DA:417,0
DA:418,0
DA:419,0
DA:420,0
DA:421,0
DA:422,0
DA:423,0
DA:424,0
DA:425,0
DA:426,0
DA:427,0
DA:428,0
DA:429,0
DA:430,0
DA:431,1
DA:432,0
DA:433,0
DA:434,0
DA:435,0
DA:436,0
DA:437,0
DA:438,0
DA:439,0
DA:440,0
DA:441,0
DA:442,0
DA:443,0
DA:444,0
DA:445,0
DA:446,0
DA:447,0
DA:448,0
DA:449,0
DA:450,0
DA:451,0
DA:452,1
DA:453,4
DA:454,4
DA:455,4
DA:456,4
DA:457,4
DA:458,4
DA:459,4
DA:460,4
DA:461,4
DA:462,4
DA:463,4
DA:464,4
DA:465,4
DA:466,4
DA:467,4
DA:468,4
DA:469,4
DA:470,4
DA:471,1
DA:472,1
DA:473,1
DA:474,1
DA:475,1
DA:476,1
DA:477,1
DA:478,1
DA:479,1
DA:480,1
DA:481,1
DA:482,1
DA:483,1
DA:484,1
DA:485,1
DA:486,1
DA:487,1
DA:488,1
DA:489,1
DA:490,1
DA:491,1
DA:492,1
DA:493,1
DA:494,1
DA:495,1
DA:496,1
DA:497,1
DA:498,1
DA:499,1
DA:500,1
DA:501,1
DA:502,1
DA:503,1
DA:504,1
DA:505,1
DA:506,1
DA:507,3
DA:508,3
DA:509,3
DA:510,3
DA:511,3
DA:512,3
DA:513,3
DA:514,3
DA:515,3
DA:516,3
DA:517,3
DA:518,2
DA:519,2
DA:520,3
DA:521,0
DA:522,0
DA:523,3
DA:524,3
DA:525,3
DA:526,3
DA:527,3
DA:528,3
DA:529,3
DA:530,3
DA:531,3
DA:532,3
DA:533,3
DA:534,3
DA:535,3
DA:536,3
DA:537,3
DA:538,3
DA:539,3
DA:540,3
DA:541,3
DA:542,3
DA:543,3
DA:544,3
DA:545,3
DA:546,3
DA:547,3
DA:548,3
DA:549,3
DA:550,3
DA:551,3
DA:552,3
DA:553,3
DA:554,3
DA:555,3
DA:556,3
DA:557,3
DA:558,3
DA:559,3
DA:560,3
DA:561,3
DA:562,3
DA:563,3
DA:564,3
DA:565,3
DA:566,3
DA:567,3
DA:568,3
DA:569,3
DA:570,3
DA:571,3
DA:572,3
DA:573,3
DA:574,3
DA:575,3
DA:576,3
DA:577,3
DA:578,1
DA:579,4
DA:580,4
DA:581,4
DA:582,4
DA:583,4
DA:584,0
DA:585,0
DA:586,4
DA:587,0
DA:588,0
DA:589,4
DA:590,4
DA:591,4
DA:592,4
DA:593,4
DA:594,4
DA:595,4
DA:596,4
DA:597,4
DA:598,4
DA:599,4
DA:600,4
DA:601,4
DA:602,4
DA:603,4
DA:604,4
DA:605,4
DA:606,4
DA:607,4
DA:608,4
DA:609,4
DA:610,4
DA:611,4
DA:612,4
DA:613,4
DA:614,4
DA:615,4
DA:616,4
DA:617,4
DA:618,4
DA:619,4
DA:620,4
DA:621,4
DA:622,4
DA:623,4
DA:624,1
DA:625,1
DA:626,1
DA:627,1
DA:628,1
DA:629,1
DA:630,1
DA:631,1
DA:632,1
DA:633,10
DA:634,10
DA:635,0
DA:636,0
DA:637,10
DA:638,1
DA:639,17
DA:640,17
DA:641,17
DA:642,1
DA:643,25
DA:644,25
DA:645,18
DA:646,18
DA:647,18
DA:648,5
DA:649,5
DA:650,1
DA:651,18
DA:652,18
DA:653,18
DA:654,18
DA:655,18
DA:656,18
DA:657,18
DA:658,0
DA:659,0
DA:660,18
DA:661,18
DA:662,1
DA:663,19
DA:664,19
DA:665,19
DA:666,19
DA:667,19
DA:668,19
DA:669,19
DA:670,19
DA:671,19
DA:672,1
DA:673,1
DA:674,0
DA:675,0
DA:676,0
DA:677,0
DA:678,0
DA:679,0
DA:680,0
DA:681,0
DA:682,0
DA:683,0
DA:684,0
DA:685,0
DA:686,0
DA:687,0
DA:688,0
DA:689,0
DA:690,0
DA:691,1
DA:692,20
DA:693,20
DA:694,20
DA:695,1
DA:696,35
DA:697,35
DA:698,35
DA:699,35
DA:700,0
DA:701,0
DA:702,35
DA:703,1
DA:704,11
DA:705,11
DA:706,0
DA:707,0
DA:708,11
DA:709,1
DA:710,4
DA:711,4
DA:712,4
DA:713,4
DA:714,0
DA:715,0
DA:716,0
DA:717,4
DA:718,1
DA:719,3
DA:720,3
DA:721,3
DA:722,3
DA:723,1
DA:724,1
DA:725,1
DA:726,1
DA:727,1
DA:728,3
LF:728
LH:520
BRDA:20,0,0,0
BRDA:29,1,0,25
BRDA:30,2,0,0
BRDA:32,3,0,0
BRDA:36,4,0,3
BRDA:38,5,0,4
BRDA:40,6,0,2
BRDA:42,7,0,2
BRDA:44,8,0,2
BRDA:46,9,0,0
BRDA:48,10,0,0
BRDA:50,11,0,0
BRDA:52,12,0,4
BRDA:53,13,0,1
BRDA:54,14,0,0
BRDA:56,15,0,3
BRDA:58,16,0,1
BRDA:60,17,0,4
BRDA:62,18,0,0
BRDA:64,19,0,0
BRDA:69,20,0,3
BRDA:70,21,0,0
BRDA:71,22,0,0
BRDA:74,23,0,0
BRDA:77,24,0,0
BRDA:85,25,0,0
BRDA:106,26,0,0
BRDA:122,27,0,4
BRDA:124,28,0,0
BRDA:127,29,0,0
BRDA:133,30,0,0
BRDA:134,31,0,0
BRDA:156,32,0,0
BRDA:160,33,0,0
BRDA:177,34,0,2
BRDA:184,35,0,0
BRDA:215,36,0,2
BRDA:233,37,0,0
BRDA:275,38,0,2
BRDA:282,39,0,0
BRDA:453,40,0,4
BRDA:470,41,0,1
BRDA:470,42,0,1
BRDA:507,43,0,3
BRDA:509,44,0,2
BRDA:513,45,0,0
BRDA:517,46,0,2
BRDA:520,47,0,0
BRDA:523,48,0,2
BRDA:538,49,0,2
BRDA:562,50,0,2
BRDA:579,51,0,4
BRDA:582,52,0,0
BRDA:583,53,0,0
BRDA:583,54,0,0
BRDA:586,55,0,0
BRDA:589,56,0,1
BRDA:597,57,0,0
BRDA:598,58,0,0
BRDA:608,59,0,0
BRDA:609,60,0,0
BRDA:614,61,0,2
BRDA:614,62,0,0
BRDA:625,63,0,1
BRDA:628,64,0,0
BRDA:628,65,0,0
BRDA:629,66,0,0
BRDA:633,67,0,10
BRDA:634,68,0,0
BRDA:639,69,0,17
BRDA:643,70,0,25
BRDA:644,71,0,20
BRDA:644,72,0,18
BRDA:644,73,0,5
BRDA:645,74,0,0
BRDA:645,75,0,5
BRDA:646,76,0,0
BRDA:646,77,0,5
BRDA:647,78,0,0
BRDA:647,79,0,5
BRDA:651,80,0,18
BRDA:652,81,0,0
BRDA:657,82,0,0
BRDA:663,83,0,19
BRDA:692,84,0,20
BRDA:696,85,0,35
BRDA:697,86,0,0
BRDA:699,87,0,0
BRDA:704,88,0,11
BRDA:705,89,0,0
BRDA:710,90,0,4
BRDA:711,91,0,0
BRDA:712,92,0,0
BRDA:713,93,0,0
BRDA:719,94,0,3
BRDA:720,95,0,0
BRDA:721,96,0,0
BRDA:722,97,0,1
BRF:98
BRH:46
end_of_record
TN:
SF:src/contract/state.js
FN:5,VaultState
FN:9,createVault
FN:40,addEntry
FN:60,getEntry
FN:76,getMyVaults
FN:93,requireVault
FN:99,snapshot
FN:103,digest
FN:108,addPendingInvite
FN:127,acceptPendingInvite
FN:142,revokePendingInvite
FN:154,removeAuthorizedMember
FN:166,listVaultURITokens
FN:177,deleteVault
FN:183,assertReadAccess
FN:191,assertWriteAccess
FN:200,buildVaultId
FN:204,stableStringify
FN:215,compareCreatedAt
FNF:19
FNH:15
FNDA:10,VaultState
FNDA:10,createVault
FNDA:3,addEntry
FNDA:4,getEntry
FNDA:1,getMyVaults
FNDA:31,requireVault
FNDA:17,snapshot
FNDA:0,digest
FNDA:3,addPendingInvite
FNDA:3,acceptPendingInvite
FNDA:0,revokePendingInvite
FNDA:3,removeAuthorizedMember
FNDA:1,listVaultURITokens
FNDA:1,deleteVault
FNDA:4,assertReadAccess
FNDA:3,assertWriteAccess
FNDA:10,buildVaultId
FNDA:0,stableStringify
FNDA:0,compareCreatedAt
DA:1,1
DA:2,1
DA:3,1
DA:4,1
DA:5,1
DA:6,10
DA:7,10
DA:8,1
DA:9,1
DA:10,10
DA:11,10
DA:12,10
DA:13,10
DA:14,10
DA:15,10
DA:16,10
DA:17,10
DA:18,10
DA:19,10
DA:20,10
DA:21,10
DA:22,10
DA:23,10
DA:24,10
DA:25,10
DA:26,10
DA:27,10
DA:28,10
DA:29,10
DA:30,10
DA:31,10
DA:32,10
DA:33,10
DA:34,10
DA:35,10
DA:36,10
DA:37,10
DA:38,10
DA:39,1
DA:40,1
DA:41,3
DA:42,3
DA:43,3
DA:44,3
DA:45,3
DA:46,3
DA:47,3
DA:48,3
DA:49,3
DA:50,3
DA:51,3
DA:52,3
DA:53,3
DA:54,3
DA:55,3
DA:56,3
DA:57,3
DA:58,3
DA:59,1
DA:60,1
DA:61,4
DA:62,4
DA:63,4
DA:64,4
DA:65,4
DA:66,4
DA:67,2
DA:68,3
DA:69,0
DA:70,0
DA:71,2
DA:72,3
DA:73,2
DA:74,2
DA:75,1
DA:76,1
DA:77,1
DA:78,1
DA:79,1
DA:80,1
DA:81,0
DA:82,0
DA:83,0
DA:84,0
DA:85,0
DA:86,0
DA:87,0
DA:88,0
DA:89,1
DA:90,1
DA:91,1
DA:92,1
DA:93,1
DA:94,31
DA:95,31
DA:96,30
DA:97,30
DA:98,1
DA:99,1
DA:100,17
DA:101,17
DA:102,1
DA:103,1
DA:104,0
DA:105,0
DA:106,0
DA:107,1
DA:108,1
DA:109,3
DA:110,3
DA:111,3
DA:112,3
DA:113,3
DA:114,3
DA:115,3
DA:116,3
DA:117,3
DA:118,3
DA:119,3
DA:120,3
DA:121,3
DA:122,3
DA:123,3
DA:124,3
DA:125,3
DA:126,1
DA:127,1
DA:128,3
DA:129,3
DA:130,3
DA:131,3
DA:132,3
DA:133,3
DA:134,3
DA:135,3
DA:136,3
DA:137,3
DA:138,3
DA:139,3
DA:140,3
DA:141,1
DA:142,1
DA:143,0
DA:144,0
DA:145,0
DA:146,0
DA:147,0
DA:148,0
DA:149,0
DA:150,0
DA:151,0
DA:152,0
DA:153,1
DA:154,1
DA:155,3
DA:156,3
DA:157,3
DA:158,3
DA:159,3
DA:160,3
DA:161,3
DA:162,3
DA:163,3
DA:164,3
DA:165,1
DA:166,1
DA:167,1
DA:168,1
DA:169,1
DA:170,1
DA:171,1
DA:172,0
DA:173,0
DA:174,1
DA:175,1
DA:176,1
DA:177,1
DA:178,1
DA:179,1
DA:180,1
DA:181,1
DA:182,1
DA:183,1
DA:184,4
DA:185,3
DA:186,1
DA:187,1
DA:188,1
DA:189,4
DA:190,1
DA:191,1
DA:192,3
DA:193,1
DA:194,1
DA:195,1
DA:196,2
DA:197,3
DA:198,1
DA:199,1
DA:200,1
DA:201,10
DA:202,10
DA:203,1
DA:204,0
DA:205,0
DA:206,0
DA:207,0
DA:208,0
DA:209,0
DA:210,0
DA:211,0
DA:212,0
DA:213,0
DA:214,1
DA:215,0
DA:216,0
DA:217,0
DA:218,0
DA:219,0
DA:220,0
DA:221,0
DA:222,0
LF:222
LH:179
BRDA:5,0,0,10
BRDA:6,1,0,3
BRDA:9,2,0,10
BRDA:20,3,0,0
BRDA:40,4,0,3
BRDA:42,5,0,0
BRDA:49,6,0,1
BRDA:60,7,0,4
BRDA:62,8,0,0
BRDA:66,9,0,3
BRDA:66,10,0,2
BRDA:67,11,0,0
BRDA:68,12,0,0
BRDA:70,13,0,2
BRDA:72,14,0,0
BRDA:72,15,0,2
BRDA:76,16,0,1
BRDA:93,17,0,31
BRDA:95,18,0,30
BRDA:95,19,0,1
BRDA:99,20,0,17
BRDA:108,21,0,3
BRDA:110,22,0,0
BRDA:111,23,0,0
BRDA:114,24,0,0
BRDA:117,25,0,0
BRDA:127,26,0,3
BRDA:129,27,0,0
BRDA:132,28,0,0
BRDA:131,29,0,3
BRDA:154,30,0,3
BRDA:156,31,0,0
BRDA:157,32,0,0
BRDA:158,33,0,0
BRDA:161,34,0,0
BRDA:166,35,0,1
BRDA:168,36,0,0
BRDA:171,37,0,0
BRDA:177,38,0,1
BRDA:179,39,0,0
BRDA:183,40,0,4
BRDA:184,41,0,3
BRDA:185,42,0,2
BRDA:185,43,0,1
BRDA:187,44,0,1
BRDA:188,45,0,0
BRDA:191,46,0,3
BRDA:192,47,0,1
BRDA:193,48,0,0
BRDA:195,49,0,2
BRDA:196,50,0,0
BRDA:200,51,0,10
BRF:52
BRH:30
end_of_record
TN:
SF:src/contract/xrplUtils.js
FN:14,validateClassicAddress
FN:23,validateHexSalt
FN:35,assertBase64
FN:45,canonicalizeSignedPayload
FN:49,hashForSigning
FN:53,verifySignedPayload
FN:82,deriveSignerAddress
FN:94,buildUriTokenMintTx
FN:111,buildUriTokenBurnTx
FN:120,mintUriToken
FN:172,burnUriToken
FN:212,stableStringify
FNF:12
FNH:12
FNDA:22,validateClassicAddress
FNDA:7,validateHexSalt
FNDA:4,assertBase64
FNDA:46,canonicalizeSignedPayload
FNDA:46,hashForSigning
FNDA:23,verifySignedPayload
FNDA:2,deriveSignerAddress
FNDA:12,buildUriTokenMintTx
FNDA:2,buildUriTokenBurnTx
FNDA:11,mintUriToken
FNDA:2,burnUriToken
FNDA:248,stableStringify
DA:1,1
DA:2,1
DA:3,1
DA:4,1
DA:5,1
DA:6,1
DA:7,1
DA:8,1
DA:9,1
DA:10,1
DA:11,1
DA:12,1
DA:13,1
DA:14,1
DA:15,22
DA:16,0
DA:17,0
DA:18,22
DA:19,0
DA:20,0
DA:21,22
DA:22,1
DA:23,1
DA:24,7
DA:25,7
DA:26,7
DA:27,7
DA:28,7
DA:29,7
DA:30,7
DA:31,0
DA:32,0
DA:33,7
DA:34,1
DA:35,1
DA:36,4
DA:37,0
DA:38,0
DA:39,4
DA:40,4
DA:41,0
DA:42,0
DA:43,4
DA:44,1
DA:45,1
DA:46,46
DA:47,46
DA:48,1
DA:49,1
DA:50,46
DA:51,46
DA:52,1
DA:53,1
DA:54,23
DA:55,23
DA:56,23
DA:57,23
DA:58,23
DA:59,23
DA:60,0
DA:61,0
DA:62,23
DA:63,0
DA:64,0
DA:65,23
DA:66,23
DA:67,23
DA:68,23
DA:69,23
DA:70,23
DA:71,0
DA:72,0
DA:73,23
DA:74,23
DA:75,1
DA:76,1
DA:77,22
DA:78,22
DA:79,23
DA:80,23
DA:81,1
DA:82,1
DA:83,2
DA:84,2
DA:85,2
DA:86,2
DA:87,2
DA:88,2
DA:89,0
DA:90,0
DA:91,2
DA:92,2
DA:93,1
DA:94,1
DA:95,12
DA:96,12
DA:97,12
DA:98,12
DA:99,12
DA:100,12
DA:101,12
DA:102,12
DA:103,12
DA:104,12
DA:105,12
DA:106,12
DA:107,12
DA:108,12
DA:109,12
DA:110,1
DA:111,1
DA:112,2
DA:113,2
DA:114,2
DA:115,2
DA:116,2
DA:117,2
DA:118,2
DA:119,1
DA:120,1
DA:121,11
DA:122,11
DA:123,11
DA:124,11
DA:125,11
DA:126,11
DA:127,11
DA:128,11
DA:129,11
DA:130,11
DA:131,11
DA:132,11
DA:133,11
DA:134,11
DA:135,11
DA:136,11
DA:137,11
DA:138,11
DA:139,11
DA:140,11
DA:141,11
DA:142,0
DA:143,0
DA:144,0
DA:145,0
DA:146,0
DA:147,0
DA:148,0
DA:149,0
DA:150,11
DA:151,11
DA:152,11
DA:153,11
DA:154,11
DA:155,11
DA:156,0
DA:157,0
DA:158,0
DA:159,0
DA:160,0
DA:161,0
DA:162,0
DA:163,0
DA:164,0
DA:165,0
DA:166,0
DA:167,0
DA:168,0
DA:169,0
DA:170,11
DA:171,1
DA:172,1
DA:173,2
DA:174,2
DA:175,2
DA:176,2
DA:177,2
DA:178,2
DA:179,2
DA:180,2
DA:181,2
DA:182,1
DA:183,1
DA:184,1
DA:185,1
DA:186,1
DA:187,1
DA:188,1
DA:189,1
DA:190,1
DA:191,1
DA:192,1
DA:193,1
DA:194,1
DA:195,1
DA:196,1
DA:197,2
DA:198,2
DA:199,2
DA:200,2
DA:201,0
DA:202,0
DA:203,0
DA:204,0
DA:205,0
DA:206,0
DA:207,0
DA:208,0
DA:209,0
DA:210,2
DA:211,1
DA:212,248
DA:213,248
DA:214,14
DA:215,14
DA:216,248
DA:217,68
DA:218,68
DA:219,68
DA:220,166
DA:221,166
LF:221
LH:172
BRDA:14,0,0,22
BRDA:15,1,0,0
BRDA:18,2,0,0
BRDA:23,3,0,7
BRDA:30,4,0,0
BRDA:35,5,0,4
BRDA:36,6,0,0
BRDA:40,7,0,0
BRDA:45,8,0,46
BRDA:49,9,0,46
BRDA:53,10,0,23
BRDA:59,11,0,0
BRDA:62,12,0,0
BRDA:70,13,0,0
BRDA:74,14,0,22
BRDA:74,15,0,1
BRDA:79,16,0,0
BRDA:82,17,0,2
BRDA:88,18,0,0
BRDA:94,19,0,12
BRDA:100,20,0,0
BRDA:107,21,0,5
BRDA:111,22,0,2
BRDA:112,23,0,0
BRDA:120,24,0,11
BRDA:130,25,0,0
BRDA:133,26,0,7
BRDA:141,27,0,0
BRDA:150,28,0,0
BRDA:152,29,0,0
BRDA:152,30,0,0
BRDA:155,31,0,0
BRDA:172,32,0,2
BRDA:181,33,0,1
BRDA:181,34,0,1
BRDA:197,35,0,0
BRDA:200,36,0,0
BRDA:191,37,0,1
BRDA:212,38,0,248
BRDA:213,39,0,14
BRDA:215,40,0,246
BRDA:215,41,0,234
BRDA:216,42,0,209
BRDA:216,43,0,68
BRDA:219,44,0,166
BRDA:218,45,0,200
BRF:46
BRH:26
end_of_record
TN:
SF:src/crypto/vaultCrypto.js
FN:25,deriveRootKey
FN:64,encryptEntry
FN:97,generateEntryKey
FN:111,wrapKeyForUser
FN:136,prepareEntryPayload
FN:200,zeroize
FN:211,constantTimeEqual
FN:220,buildWrappedEnvelope
FN:246,deriveSharedSecret
FN:282,deriveHkdfKey
FN:293,extractEntryMetadata
FN:301,randomBytes
FN:309,getCryptoApi
FN:315,isBrowser
FN:319,assertObject
FN:325,assertBytes
FN:331,assertHex
FN:338,assertNonEmptyString
FN:344,createCryptoError
FN:350,encodeUtf8
FN:354,bytesToHex
FN:358,hexToBytes
FN:362,bytesToBase64
FNF:23
FNH:22
FNDA:2,deriveRootKey
FNDA:5,encryptEntry
FNDA:2,generateEntryKey
FNDA:3,wrapKeyForUser
FNDA:4,prepareEntryPayload
FNDA:16,zeroize
FNDA:2,constantTimeEqual
FNDA:3,buildWrappedEnvelope
FNDA:3,deriveSharedSecret
FNDA:3,deriveHkdfKey
FNDA:4,extractEntryMetadata
FNDA:14,randomBytes
FNDA:25,getCryptoApi
FNDA:2,isBrowser
FNDA:11,assertObject
FNDA:12,assertBytes
FNDA:2,assertHex
FNDA:11,assertNonEmptyString
FNDA:0,createCryptoError
FNDA:20,encodeUtf8
FNDA:3,bytesToHex
FNDA:5,hexToBytes
FNDA:31,bytesToBase64
DA:1,1
DA:2,1
DA:3,1
DA:4,1
DA:5,1
DA:6,1
DA:7,1
DA:8,1
DA:9,1
DA:10,1
DA:11,1
DA:12,1
DA:13,1
DA:14,1
DA:15,1
DA:16,1
DA:17,1
DA:18,1
DA:19,1
DA:20,1
DA:21,1
DA:22,1
DA:23,1
DA:24,1
DA:25,1
DA:26,2
DA:27,2
DA:28,2
DA:29,2
DA:30,2
DA:31,0
DA:32,0
DA:33,0
DA:34,0
DA:35,0
DA:36,0
DA:37,0
DA:38,0
DA:39,0
DA:40,0
DA:41,0
DA:42,0
DA:43,2
DA:44,2
DA:45,2
DA:46,2
DA:47,2
DA:48,2
DA:49,2
DA:50,2
DA:51,2
DA:52,2
DA:53,2
DA:54,2
DA:55,2
DA:56,1
DA:57,1
DA:58,1
DA:59,1
DA:60,1
DA:61,1
DA:62,1
DA:63,1
DA:64,1
DA:65,5
DA:66,5
DA:67,5
DA:68,5
DA:69,5
DA:70,5
DA:71,5
DA:72,5
DA:73,5
DA:74,5
DA:75,5
DA:76,5
DA:77,5
DA:78,5
DA:79,5
DA:80,5
DA:81,5
DA:82,5
DA:83,5
DA:84,5
DA:85,5
DA:86,5
DA:87,5
DA:88,5
DA:89,5
DA:90,5
DA:91,1
DA:92,1
DA:93,1
DA:94,1
DA:95,1
DA:96,1
DA:97,1
DA:98,2
DA:99,2
DA:100,1
DA:101,1
DA:102,1
DA:103,1
DA:104,1
DA:105,1
DA:106,1
DA:107,1
DA:108,1
DA:109,1
DA:110,1
DA:111,1
DA:112,3
DA:113,3
DA:114,3
DA:115,3
DA:116,3
DA:117,3
DA:118,1
DA:119,1
DA:120,1
DA:121,1
DA:122,1
DA:123,1
DA:124,1
DA:125,1
DA:126,1
DA:127,1
DA:128,1
DA:129,1
DA:130,1
DA:131,1
DA:132,1
DA:133,1
DA:134,1
DA:135,1
DA:136,1
DA:137,4
DA:138,4
DA:139,4
DA:140,4
DA:141,4
DA:142,4
DA:143,4
DA:144,0
DA:145,0
DA:146,4
DA:147,4
DA:148,4
DA:149,4
DA:150,4
DA:151,0
DA:152,0
DA:153,4
DA:154,4
DA:155,4
DA:156,4
DA:157,4
DA:158,2
DA:159,0
DA:160,0
DA:161,2
DA:162,2
DA:163,2
DA:164,2
DA:165,2
DA:166,2
DA:167,2
DA:168,2
DA:169,2
DA:170,2
DA:171,2
DA:172,2
DA:173,2
DA:174,4
DA:175,4
DA:176,4
DA:177,4
DA:178,4
DA:179,4
DA:180,4
DA:181,4
DA:182,4
DA:183,4
DA:184,4
DA:185,4
DA:186,4
DA:187,4
DA:188,4
DA:189,4
DA:190,2
DA:191,2
DA:192,4
DA:193,4
DA:194,1
DA:195,1
DA:196,1
DA:197,1
DA:198,1
DA:199,1
DA:200,1
DA:201,16
DA:202,16
DA:203,1
DA:204,1
DA:205,1
DA:206,1
DA:207,1
DA:208,1
DA:209,1
DA:210,1
DA:211,1
DA:212,2
DA:213,0
DA:214,0
DA:215,2
DA:216,2
DA:217,2
DA:218,2
DA:219,1
DA:220,3
DA:221,3
DA:222,3
DA:223,3
DA:224,3
DA:225,3
DA:226,3
DA:227,3
DA:228,3
DA:229,3
DA:230,3
DA:231,3
DA:232,3
DA:233,3
DA:234,3
DA:235,3
DA:236,3
DA:237,3
DA:238,3
DA:239,3
DA:240,3
DA:241,3
DA:242,3
DA:243,3
DA:244,3
DA:245,1
DA:246,3
DA:247,3
DA:248,1
DA:249,1
DA:250,1
DA:251,1
DA:252,1
DA:253,1
DA:254,1
DA:255,1
DA:256,1
DA:257,1
DA:258,1
DA:259,1
DA:260,1
DA:261,2
DA:262,2
DA:263,2
DA:264,2
DA:265,2
DA:266,2
DA:267,2
DA:268,2
DA:269,2
DA:270,2
DA:271,2
DA:272,2
DA:273,2
DA:274,2
DA:275,0
DA:276,0
DA:277,0
DA:278,0
DA:279,0
DA:280,0
DA:281,1
DA:282,3
DA:283,3
DA:284,3
DA:285,3
DA:286,3
DA:287,3
DA:288,3
DA:289,3
DA:290,3
DA:291,3
DA:292,1
DA:293,4
DA:294,4
DA:295,4
DA:296,4
DA:297,4
DA:298,4
DA:299,4
DA:300,1
DA:301,14
DA:302,14
DA:303,14
DA:304,14
DA:305,14
DA:306,0
DA:307,0
DA:308,1
DA:309,25
DA:310,25
DA:311,25
DA:312,0
DA:313,0
DA:314,1
DA:315,2
DA:316,2
DA:317,2
DA:318,1
DA:319,11
DA:320,11
DA:321,0
DA:322,0
DA:323,11
DA:324,1
DA:325,12
DA:326,12
DA:327,0
DA:328,0
DA:329,12
DA:330,1
DA:331,2
DA:332,2
DA:333,2
DA:334,0
DA:335,0
DA:336,2
DA:337,1
DA:338,11
DA:339,11
DA:340,0
DA:341,0
DA:342,11
DA:343,1
DA:344,0
DA:345,0
DA:346,0
DA:347,0
DA:348,0
DA:349,1
DA:350,20
DA:351,20
DA:352,20
DA:353,1
DA:354,3
DA:355,3
DA:356,3
DA:357,1
DA:358,5
DA:359,5
DA:360,5
DA:361,1
DA:362,31
DA:363,31
DA:364,31
LF:364
LH:321
BRDA:25,0,0,2
BRDA:30,1,0,0
BRDA:64,2,0,5
BRDA:97,3,0,2
BRDA:111,4,0,3
BRDA:136,5,0,4
BRDA:143,6,0,2
BRDA:143,7,0,0
BRDA:150,8,0,0
BRDA:157,9,0,2
BRDA:158,10,0,0
BRDA:189,11,0,2
BRDA:189,12,0,2
BRDA:200,13,0,16
BRDA:211,14,0,2
BRDA:212,15,0,0
BRDA:216,16,0,64
BRDA:220,17,0,3
BRDA:246,18,0,3
BRDA:247,19,0,1
BRDA:260,20,0,2
BRDA:274,21,0,0
BRDA:282,22,0,3
BRDA:293,23,0,4
BRDA:301,24,0,14
BRDA:305,25,0,0
BRDA:309,26,0,25
BRDA:310,27,0,0
BRDA:311,28,0,0
BRDA:315,29,0,2
BRDA:316,30,0,0
BRDA:319,31,0,11
BRDA:320,32,0,0
BRDA:325,33,0,12
BRDA:326,34,0,0
BRDA:331,35,0,2
BRDA:333,36,0,0
BRDA:338,37,0,11
BRDA:339,38,0,0
BRDA:350,39,0,20
BRDA:354,40,0,3
BRDA:358,41,0,5
BRDA:362,42,0,31
BRF:43
BRH:29
end_of_record
TN:
SF:src/crypto/xrplPubkey.js
FN:1,(empty-report)
FNF:1
FNH:0
FNDA:0,(empty-report)
DA:1,0
DA:2,0
DA:3,0
DA:4,0
DA:5,0
DA:6,0
DA:7,0
DA:8,0
DA:9,0
DA:10,0
DA:11,0
DA:12,0
DA:13,0
DA:14,0
DA:15,0
DA:16,0
DA:17,0
DA:18,0
DA:19,0
DA:20,0
DA:21,0
DA:22,0
DA:23,0
DA:24,0
DA:25,0
DA:26,0
DA:27,0
DA:28,0
DA:29,0
DA:30,0
DA:31,0
DA:32,0
LF:32
LH:0
BRDA:1,0,0,0
BRF:1
BRH:0
end_of_record
